[2017-05-09 00:08:08.100] [INFO] http - ::1 - - "POST /admin/manage/sysTemManage_patent/addOne HTTP/1.1" 200 - "http://localhost:8888/admin/manage/patentMge" "Mozilla/5.0 (Windows NT 10.0; Win64; x64) AppleWebKit/537.36 (KHTML, like Gecko) Chrome/58.0.3029.96 Safari/537.36"
[2017-05-09 00:08:08.115] [INFO] http - ::1 - - "GET /admin/manage/getDocumentList/sysTemManage_patent?limit=10&currentPage=1&searchKey=undefined&area=undefined HTTP/1.1" 200 402 "http://localhost:8888/admin/manage/patentMge" "Mozilla/5.0 (Windows NT 10.0; Win64; x64) AppleWebKit/537.36 (KHTML, like Gecko) Chrome/58.0.3029.96 Safari/537.36"
[2017-05-09 00:17:01.550] [WARN] http - ::1 - - "GET /admin/manage/patentMge HTTP/1.1" 302 68 "http://localhost:8888/admin/manage" "Mozilla/5.0 (Windows NT 10.0; Win64; x64) AppleWebKit/537.36 (KHTML, like Gecko) Chrome/58.0.3029.96 Safari/537.36"
[2017-05-09 00:17:01.564] [WARN] http - ::1 - - "GET /admin/login HTTP/1.1" 304 - "http://localhost:8888/admin/manage" "Mozilla/5.0 (Windows NT 10.0; Win64; x64) AppleWebKit/537.36 (KHTML, like Gecko) Chrome/58.0.3029.96 Safari/537.36"
[2017-05-09 00:17:01.580] [WARN] http - ::1 - - "GET /assets/css/amazeui.min.css HTTP/1.1" 304 - "http://localhost:8888/admin/login" "Mozilla/5.0 (Windows NT 10.0; Win64; x64) AppleWebKit/537.36 (KHTML, like Gecko) Chrome/58.0.3029.96 Safari/537.36"
[2017-05-09 00:17:01.584] [WARN] http - ::1 - - "GET /assets/css/amazeui.datatables.min.css HTTP/1.1" 304 - "http://localhost:8888/admin/login" "Mozilla/5.0 (Windows NT 10.0; Win64; x64) AppleWebKit/537.36 (KHTML, like Gecko) Chrome/58.0.3029.96 Safari/537.36"
[2017-05-09 00:17:01.584] [WARN] http - ::1 - - "GET /assets/css/app.css HTTP/1.1" 304 - "http://localhost:8888/admin/login" "Mozilla/5.0 (Windows NT 10.0; Win64; x64) AppleWebKit/537.36 (KHTML, like Gecko) Chrome/58.0.3029.96 Safari/537.36"
[2017-05-09 00:17:01.585] [WARN] http - ::1 - - "GET /assets/js/jquery.min.js HTTP/1.1" 304 - "http://localhost:8888/admin/login" "Mozilla/5.0 (Windows NT 10.0; Win64; x64) AppleWebKit/537.36 (KHTML, like Gecko) Chrome/58.0.3029.96 Safari/537.36"
[2017-05-09 00:17:01.585] [WARN] http - ::1 - - "GET /assets/js/angular.min.js HTTP/1.1" 304 - "http://localhost:8888/admin/login" "Mozilla/5.0 (Windows NT 10.0; Win64; x64) AppleWebKit/537.36 (KHTML, like Gecko) Chrome/58.0.3029.96 Safari/537.36"
[2017-05-09 00:17:01.587] [WARN] http - ::1 - - "GET /assets/js/theme.js HTTP/1.1" 304 - "http://localhost:8888/admin/login" "Mozilla/5.0 (Windows NT 10.0; Win64; x64) AppleWebKit/537.36 (KHTML, like Gecko) Chrome/58.0.3029.96 Safari/537.36"
[2017-05-09 00:17:01.588] [WARN] http - ::1 - - "GET /assets/js/amazeui.min.js HTTP/1.1" 304 - "http://localhost:8888/admin/login" "Mozilla/5.0 (Windows NT 10.0; Win64; x64) AppleWebKit/537.36 (KHTML, like Gecko) Chrome/58.0.3029.96 Safari/537.36"
[2017-05-09 00:17:01.590] [WARN] http - ::1 - - "GET /assets/js/app.js HTTP/1.1" 304 - "http://localhost:8888/admin/login" "Mozilla/5.0 (Windows NT 10.0; Win64; x64) AppleWebKit/537.36 (KHTML, like Gecko) Chrome/58.0.3029.96 Safari/537.36"
[2017-05-09 00:17:01.801] [WARN] http - ::1 - - "GET /assets/fonts/fontawesome-webfont.woff2?v=4.6.3 HTTP/1.1" 304 - "http://localhost:8888/assets/css/amazeui.min.css" "Mozilla/5.0 (Windows NT 10.0; Win64; x64) AppleWebKit/537.36 (KHTML, like Gecko) Chrome/58.0.3029.96 Safari/537.36"
[2017-05-09 00:17:01.802] [WARN] http - ::1 - - "GET /assets/img/logob.png HTTP/1.1" 304 - "http://localhost:8888/assets/css/app.css" "Mozilla/5.0 (Windows NT 10.0; Win64; x64) AppleWebKit/537.36 (KHTML, like Gecko) Chrome/58.0.3029.96 Safari/537.36"
[2017-05-09 00:17:01.873] [WARN] http - ::1 - - "GET /assets/js/angular.min.js.map HTTP/1.1" 304 - "" "Mozilla/5.0 (Windows NT 10.0; Win64; x64) AppleWebKit/537.36 (KHTML, like Gecko) Chrome/58.0.3029.96 Safari/537.36"
[2017-05-09 00:17:06.011] [INFO] http - ::1 - - "POST /admin/doLogin HTTP/1.1" 200 - "http://localhost:8888/admin/login" "Mozilla/5.0 (Windows NT 10.0; Win64; x64) AppleWebKit/537.36 (KHTML, like Gecko) Chrome/58.0.3029.96 Safari/537.36"
[2017-05-09 00:17:06.025] [WARN] http - ::1 - - "GET /admin/manage HTTP/1.1" 304 - "http://localhost:8888/admin/login" "Mozilla/5.0 (Windows NT 10.0; Win64; x64) AppleWebKit/537.36 (KHTML, like Gecko) Chrome/58.0.3029.96 Safari/537.36"
[2017-05-09 00:17:06.051] [WARN] http - ::1 - - "GET /assets/css/amazeui.min.css HTTP/1.1" 304 - "http://localhost:8888/admin/manage" "Mozilla/5.0 (Windows NT 10.0; Win64; x64) AppleWebKit/537.36 (KHTML, like Gecko) Chrome/58.0.3029.96 Safari/537.36"
[2017-05-09 00:17:06.052] [WARN] http - ::1 - - "GET /assets/css/amazeui.datatables.min.css HTTP/1.1" 304 - "http://localhost:8888/admin/manage" "Mozilla/5.0 (Windows NT 10.0; Win64; x64) AppleWebKit/537.36 (KHTML, like Gecko) Chrome/58.0.3029.96 Safari/537.36"
[2017-05-09 00:17:06.052] [WARN] http - ::1 - - "GET /assets/css/app.css HTTP/1.1" 304 - "http://localhost:8888/admin/manage" "Mozilla/5.0 (Windows NT 10.0; Win64; x64) AppleWebKit/537.36 (KHTML, like Gecko) Chrome/58.0.3029.96 Safari/537.36"
[2017-05-09 00:17:06.052] [WARN] http - ::1 - - "GET /assets/css/zTreeStyle.css HTTP/1.1" 304 - "http://localhost:8888/admin/manage" "Mozilla/5.0 (Windows NT 10.0; Win64; x64) AppleWebKit/537.36 (KHTML, like Gecko) Chrome/58.0.3029.96 Safari/537.36"
[2017-05-09 00:17:06.052] [WARN] http - ::1 - - "GET /assets/css/isteven-multi-select.css HTTP/1.1" 304 - "http://localhost:8888/admin/manage" "Mozilla/5.0 (Windows NT 10.0; Win64; x64) AppleWebKit/537.36 (KHTML, like Gecko) Chrome/58.0.3029.96 Safari/537.36"
[2017-05-09 00:17:06.054] [WARN] http - ::1 - - "GET /assets/js/jquery.min.js HTTP/1.1" 304 - "http://localhost:8888/admin/manage" "Mozilla/5.0 (Windows NT 10.0; Win64; x64) AppleWebKit/537.36 (KHTML, like Gecko) Chrome/58.0.3029.96 Safari/537.36"
[2017-05-09 00:17:06.057] [WARN] http - ::1 - - "GET /assets/js/angular.min.js HTTP/1.1" 304 - "http://localhost:8888/admin/manage" "Mozilla/5.0 (Windows NT 10.0; Win64; x64) AppleWebKit/537.36 (KHTML, like Gecko) Chrome/58.0.3029.96 Safari/537.36"
[2017-05-09 00:17:06.057] [WARN] http - ::1 - - "GET /assets/js/isteven-multi-select.js HTTP/1.1" 304 - "http://localhost:8888/admin/manage" "Mozilla/5.0 (Windows NT 10.0; Win64; x64) AppleWebKit/537.36 (KHTML, like Gecko) Chrome/58.0.3029.96 Safari/537.36"
[2017-05-09 00:17:06.057] [WARN] http - ::1 - - "GET /angular/controller.js HTTP/1.1" 304 - "http://localhost:8888/admin/manage" "Mozilla/5.0 (Windows NT 10.0; Win64; x64) AppleWebKit/537.36 (KHTML, like Gecko) Chrome/58.0.3029.96 Safari/537.36"
[2017-05-09 00:17:06.057] [WARN] http - ::1 - - "GET /assets/js/theme.js HTTP/1.1" 304 - "http://localhost:8888/admin/manage" "Mozilla/5.0 (Windows NT 10.0; Win64; x64) AppleWebKit/537.36 (KHTML, like Gecko) Chrome/58.0.3029.96 Safari/537.36"
[2017-05-09 00:17:06.061] [WARN] http - ::1 - - "GET /assets/js/amazeui.min.js HTTP/1.1" 304 - "http://localhost:8888/admin/manage" "Mozilla/5.0 (Windows NT 10.0; Win64; x64) AppleWebKit/537.36 (KHTML, like Gecko) Chrome/58.0.3029.96 Safari/537.36"
[2017-05-09 00:17:06.063] [WARN] http - ::1 - - "GET /assets/js/amazeui.datatables.min.js HTTP/1.1" 304 - "http://localhost:8888/admin/manage" "Mozilla/5.0 (Windows NT 10.0; Win64; x64) AppleWebKit/537.36 (KHTML, like Gecko) Chrome/58.0.3029.96 Safari/537.36"
[2017-05-09 00:17:06.067] [WARN] http - ::1 - - "GET /assets/js/dataTables.responsive.min.js HTTP/1.1" 304 - "http://localhost:8888/admin/manage" "Mozilla/5.0 (Windows NT 10.0; Win64; x64) AppleWebKit/537.36 (KHTML, like Gecko) Chrome/58.0.3029.96 Safari/537.36"
[2017-05-09 00:17:06.069] [WARN] http - ::1 - - "GET /assets/js/app.js HTTP/1.1" 304 - "http://localhost:8888/admin/manage" "Mozilla/5.0 (Windows NT 10.0; Win64; x64) AppleWebKit/537.36 (KHTML, like Gecko) Chrome/58.0.3029.96 Safari/537.36"
[2017-05-09 00:17:06.073] [WARN] http - ::1 - - "GET /assets/js/socket.io.js HTTP/1.1" 304 - "http://localhost:8888/admin/manage" "Mozilla/5.0 (Windows NT 10.0; Win64; x64) AppleWebKit/537.36 (KHTML, like Gecko) Chrome/58.0.3029.96 Safari/537.36"
[2017-05-09 00:17:06.080] [INFO] http - ::1 - - "GET /angular/functions.js HTTP/1.1" 200 9960 "http://localhost:8888/admin/manage" "Mozilla/5.0 (Windows NT 10.0; Win64; x64) AppleWebKit/537.36 (KHTML, like Gecko) Chrome/58.0.3029.96 Safari/537.36"
[2017-05-09 00:17:06.082] [WARN] http - ::1 - - "GET /assets/js/jquery.ztree.core.js HTTP/1.1" 304 - "http://localhost:8888/admin/manage" "Mozilla/5.0 (Windows NT 10.0; Win64; x64) AppleWebKit/537.36 (KHTML, like Gecko) Chrome/58.0.3029.96 Safari/537.36"
[2017-05-09 00:17:06.086] [WARN] http - ::1 - - "GET /assets/js/jquery.ztree.excheck.js HTTP/1.1" 304 - "http://localhost:8888/admin/manage" "Mozilla/5.0 (Windows NT 10.0; Win64; x64) AppleWebKit/537.36 (KHTML, like Gecko) Chrome/58.0.3029.96 Safari/537.36"
[2017-05-09 00:17:06.089] [WARN] http - ::1 - - "GET /assets/img/sys_logo.png HTTP/1.1" 304 - "http://localhost:8888/admin/manage" "Mozilla/5.0 (Windows NT 10.0; Win64; x64) AppleWebKit/537.36 (KHTML, like Gecko) Chrome/58.0.3029.96 Safari/537.36"
[2017-05-09 00:17:06.092] [WARN] http - ::1 - - "GET /assets/img/user04.png HTTP/1.1" 304 - "http://localhost:8888/admin/manage" "Mozilla/5.0 (Windows NT 10.0; Win64; x64) AppleWebKit/537.36 (KHTML, like Gecko) Chrome/58.0.3029.96 Safari/537.36"
[2017-05-09 00:17:06.094] [WARN] http - ::1 - - "GET /assets/img/user02.png HTTP/1.1" 304 - "http://localhost:8888/admin/manage" "Mozilla/5.0 (Windows NT 10.0; Win64; x64) AppleWebKit/537.36 (KHTML, like Gecko) Chrome/58.0.3029.96 Safari/537.36"
[2017-05-09 00:17:06.096] [WARN] http - ::1 - - "GET /assets/img/user07.png HTTP/1.1" 304 - "http://localhost:8888/admin/manage" "Mozilla/5.0 (Windows NT 10.0; Win64; x64) AppleWebKit/537.36 (KHTML, like Gecko) Chrome/58.0.3029.96 Safari/537.36"
[2017-05-09 00:17:06.197] [WARN] http - ::1 - - "GET /assets/js/angular.min.js.map HTTP/1.1" 304 - "" "Mozilla/5.0 (Windows NT 10.0; Win64; x64) AppleWebKit/537.36 (KHTML, like Gecko) Chrome/58.0.3029.96 Safari/537.36"
[2017-05-09 00:17:06.212] [WARN] http - ::1 - - "GET /assets/fonts/fontawesome-webfont.woff2?v=4.6.3 HTTP/1.1" 304 - "http://localhost:8888/assets/css/amazeui.min.css" "Mozilla/5.0 (Windows NT 10.0; Win64; x64) AppleWebKit/537.36 (KHTML, like Gecko) Chrome/58.0.3029.96 Safari/537.36"
[2017-05-09 00:17:06.420] [ERROR] http - ::1 - - "GET /assets/js/socket.io.js.map HTTP/1.1" 404 39 "" "Mozilla/5.0 (Windows NT 10.0; Win64; x64) AppleWebKit/537.36 (KHTML, like Gecko) Chrome/58.0.3029.96 Safari/537.36"
[2017-05-09 00:17:08.059] [WARN] http - ::1 - - "GET /admin/manage/userMge HTTP/1.1" 304 - "http://localhost:8888/admin/manage" "Mozilla/5.0 (Windows NT 10.0; Win64; x64) AppleWebKit/537.36 (KHTML, like Gecko) Chrome/58.0.3029.96 Safari/537.36"
[2017-05-09 00:17:08.084] [WARN] http - ::1 - - "GET /assets/css/amazeui.min.css HTTP/1.1" 304 - "http://localhost:8888/admin/manage/userMge" "Mozilla/5.0 (Windows NT 10.0; Win64; x64) AppleWebKit/537.36 (KHTML, like Gecko) Chrome/58.0.3029.96 Safari/537.36"
[2017-05-09 00:17:08.085] [WARN] http - ::1 - - "GET /assets/css/amazeui.datatables.min.css HTTP/1.1" 304 - "http://localhost:8888/admin/manage/userMge" "Mozilla/5.0 (Windows NT 10.0; Win64; x64) AppleWebKit/537.36 (KHTML, like Gecko) Chrome/58.0.3029.96 Safari/537.36"
[2017-05-09 00:17:08.085] [WARN] http - ::1 - - "GET /assets/css/app.css HTTP/1.1" 304 - "http://localhost:8888/admin/manage/userMge" "Mozilla/5.0 (Windows NT 10.0; Win64; x64) AppleWebKit/537.36 (KHTML, like Gecko) Chrome/58.0.3029.96 Safari/537.36"
[2017-05-09 00:17:08.085] [WARN] http - ::1 - - "GET /assets/css/zTreeStyle.css HTTP/1.1" 304 - "http://localhost:8888/admin/manage/userMge" "Mozilla/5.0 (Windows NT 10.0; Win64; x64) AppleWebKit/537.36 (KHTML, like Gecko) Chrome/58.0.3029.96 Safari/537.36"
[2017-05-09 00:17:08.085] [WARN] http - ::1 - - "GET /assets/css/isteven-multi-select.css HTTP/1.1" 304 - "http://localhost:8888/admin/manage/userMge" "Mozilla/5.0 (Windows NT 10.0; Win64; x64) AppleWebKit/537.36 (KHTML, like Gecko) Chrome/58.0.3029.96 Safari/537.36"
[2017-05-09 00:17:08.088] [WARN] http - ::1 - - "GET /assets/js/jquery.min.js HTTP/1.1" 304 - "http://localhost:8888/admin/manage/userMge" "Mozilla/5.0 (Windows NT 10.0; Win64; x64) AppleWebKit/537.36 (KHTML, like Gecko) Chrome/58.0.3029.96 Safari/537.36"
[2017-05-09 00:17:08.092] [WARN] http - ::1 - - "GET /assets/js/angular.min.js HTTP/1.1" 304 - "http://localhost:8888/admin/manage/userMge" "Mozilla/5.0 (Windows NT 10.0; Win64; x64) AppleWebKit/537.36 (KHTML, like Gecko) Chrome/58.0.3029.96 Safari/537.36"
[2017-05-09 00:17:08.094] [WARN] http - ::1 - - "GET /assets/js/isteven-multi-select.js HTTP/1.1" 304 - "http://localhost:8888/admin/manage/userMge" "Mozilla/5.0 (Windows NT 10.0; Win64; x64) AppleWebKit/537.36 (KHTML, like Gecko) Chrome/58.0.3029.96 Safari/537.36"
[2017-05-09 00:17:08.094] [WARN] http - ::1 - - "GET /angular/controller.js HTTP/1.1" 304 - "http://localhost:8888/admin/manage/userMge" "Mozilla/5.0 (Windows NT 10.0; Win64; x64) AppleWebKit/537.36 (KHTML, like Gecko) Chrome/58.0.3029.96 Safari/537.36"
[2017-05-09 00:17:08.094] [WARN] http - ::1 - - "GET /assets/js/theme.js HTTP/1.1" 304 - "http://localhost:8888/admin/manage/userMge" "Mozilla/5.0 (Windows NT 10.0; Win64; x64) AppleWebKit/537.36 (KHTML, like Gecko) Chrome/58.0.3029.96 Safari/537.36"
[2017-05-09 00:17:08.097] [WARN] http - ::1 - - "GET /angular/user_controller.js HTTP/1.1" 304 - "http://localhost:8888/admin/manage/userMge" "Mozilla/5.0 (Windows NT 10.0; Win64; x64) AppleWebKit/537.36 (KHTML, like Gecko) Chrome/58.0.3029.96 Safari/537.36"
[2017-05-09 00:17:08.099] [WARN] http - ::1 - - "GET /assets/js/amazeui.min.js HTTP/1.1" 304 - "http://localhost:8888/admin/manage/userMge" "Mozilla/5.0 (Windows NT 10.0; Win64; x64) AppleWebKit/537.36 (KHTML, like Gecko) Chrome/58.0.3029.96 Safari/537.36"
[2017-05-09 00:17:08.102] [WARN] http - ::1 - - "GET /assets/js/amazeui.datatables.min.js HTTP/1.1" 304 - "http://localhost:8888/admin/manage/userMge" "Mozilla/5.0 (Windows NT 10.0; Win64; x64) AppleWebKit/537.36 (KHTML, like Gecko) Chrome/58.0.3029.96 Safari/537.36"
[2017-05-09 00:17:08.104] [WARN] http - ::1 - - "GET /assets/js/dataTables.responsive.min.js HTTP/1.1" 304 - "http://localhost:8888/admin/manage/userMge" "Mozilla/5.0 (Windows NT 10.0; Win64; x64) AppleWebKit/537.36 (KHTML, like Gecko) Chrome/58.0.3029.96 Safari/537.36"
[2017-05-09 00:17:08.106] [WARN] http - ::1 - - "GET /assets/js/app.js HTTP/1.1" 304 - "http://localhost:8888/admin/manage/userMge" "Mozilla/5.0 (Windows NT 10.0; Win64; x64) AppleWebKit/537.36 (KHTML, like Gecko) Chrome/58.0.3029.96 Safari/537.36"
[2017-05-09 00:17:08.108] [WARN] http - ::1 - - "GET /assets/js/socket.io.js HTTP/1.1" 304 - "http://localhost:8888/admin/manage/userMge" "Mozilla/5.0 (Windows NT 10.0; Win64; x64) AppleWebKit/537.36 (KHTML, like Gecko) Chrome/58.0.3029.96 Safari/537.36"
[2017-05-09 00:17:08.111] [WARN] http - ::1 - - "GET /angular/functions.js HTTP/1.1" 304 - "http://localhost:8888/admin/manage/userMge" "Mozilla/5.0 (Windows NT 10.0; Win64; x64) AppleWebKit/537.36 (KHTML, like Gecko) Chrome/58.0.3029.96 Safari/537.36"
[2017-05-09 00:17:08.116] [WARN] http - ::1 - - "GET /assets/js/jquery.ztree.core.js HTTP/1.1" 304 - "http://localhost:8888/admin/manage/userMge" "Mozilla/5.0 (Windows NT 10.0; Win64; x64) AppleWebKit/537.36 (KHTML, like Gecko) Chrome/58.0.3029.96 Safari/537.36"
[2017-05-09 00:17:08.117] [WARN] http - ::1 - - "GET /assets/js/jquery.ztree.excheck.js HTTP/1.1" 304 - "http://localhost:8888/admin/manage/userMge" "Mozilla/5.0 (Windows NT 10.0; Win64; x64) AppleWebKit/537.36 (KHTML, like Gecko) Chrome/58.0.3029.96 Safari/537.36"
[2017-05-09 00:17:08.121] [WARN] http - ::1 - - "GET /assets/img/sys_logo.png HTTP/1.1" 304 - "http://localhost:8888/admin/manage/userMge" "Mozilla/5.0 (Windows NT 10.0; Win64; x64) AppleWebKit/537.36 (KHTML, like Gecko) Chrome/58.0.3029.96 Safari/537.36"
[2017-05-09 00:17:08.124] [WARN] http - ::1 - - "GET /assets/img/user04.png HTTP/1.1" 304 - "http://localhost:8888/admin/manage/userMge" "Mozilla/5.0 (Windows NT 10.0; Win64; x64) AppleWebKit/537.36 (KHTML, like Gecko) Chrome/58.0.3029.96 Safari/537.36"
[2017-05-09 00:17:08.126] [WARN] http - ::1 - - "GET /assets/img/user02.png HTTP/1.1" 304 - "http://localhost:8888/admin/manage/userMge" "Mozilla/5.0 (Windows NT 10.0; Win64; x64) AppleWebKit/537.36 (KHTML, like Gecko) Chrome/58.0.3029.96 Safari/537.36"
[2017-05-09 00:17:08.234] [WARN] http - ::1 - - "GET /assets/js/angular.min.js.map HTTP/1.1" 304 - "" "Mozilla/5.0 (Windows NT 10.0; Win64; x64) AppleWebKit/537.36 (KHTML, like Gecko) Chrome/58.0.3029.96 Safari/537.36"
[2017-05-09 00:17:08.246] [WARN] http - ::1 - - "GET /assets/fonts/fontawesome-webfont.woff2?v=4.6.3 HTTP/1.1" 304 - "http://localhost:8888/assets/css/amazeui.min.css" "Mozilla/5.0 (Windows NT 10.0; Win64; x64) AppleWebKit/537.36 (KHTML, like Gecko) Chrome/58.0.3029.96 Safari/537.36"
[2017-05-09 00:17:08.456] [ERROR] http - ::1 - - "GET /assets/js/socket.io.js.map HTTP/1.1" 404 39 "" "Mozilla/5.0 (Windows NT 10.0; Win64; x64) AppleWebKit/537.36 (KHTML, like Gecko) Chrome/58.0.3029.96 Safari/537.36"
[2017-05-09 00:17:08.504] [WARN] http - ::1 - - "GET /admin/manage/sysTemManage_uGroup/findAll HTTP/1.1" 304 - "http://localhost:8888/admin/manage/userMge" "Mozilla/5.0 (Windows NT 10.0; Win64; x64) AppleWebKit/537.36 (KHTML, like Gecko) Chrome/58.0.3029.96 Safari/537.36"
[2017-05-09 00:17:08.508] [WARN] http - ::1 - - "GET /admin/manage/getDocumentList/sysTemManage_user?limit=10&currentPage=1&searchKey=undefined&area=undefined HTTP/1.1" 304 - "http://localhost:8888/admin/manage/userMge" "Mozilla/5.0 (Windows NT 10.0; Win64; x64) AppleWebKit/537.36 (KHTML, like Gecko) Chrome/58.0.3029.96 Safari/537.36"
[2017-05-09 00:17:10.020] [WARN] http - ::1 - - "GET /admin/manage/sysTemManage_user/item?uid=HJZX5hhpJ- HTTP/1.1" 304 - "http://localhost:8888/admin/manage/userMge" "Mozilla/5.0 (Windows NT 10.0; Win64; x64) AppleWebKit/537.36 (KHTML, like Gecko) Chrome/58.0.3029.96 Safari/537.36"
[2017-05-09 00:17:16.702] [INFO] http - ::1 - - "GET /admin/manage/groupMge HTTP/1.1" 200 24647 "http://localhost:8888/admin/manage/userMge" "Mozilla/5.0 (Windows NT 10.0; Win64; x64) AppleWebKit/537.36 (KHTML, like Gecko) Chrome/58.0.3029.96 Safari/537.36"
[2017-05-09 00:17:16.719] [WARN] http - ::1 - - "GET /assets/css/amazeui.min.css HTTP/1.1" 304 - "http://localhost:8888/admin/manage/groupMge" "Mozilla/5.0 (Windows NT 10.0; Win64; x64) AppleWebKit/537.36 (KHTML, like Gecko) Chrome/58.0.3029.96 Safari/537.36"
[2017-05-09 00:17:16.720] [WARN] http - ::1 - - "GET /assets/css/amazeui.datatables.min.css HTTP/1.1" 304 - "http://localhost:8888/admin/manage/groupMge" "Mozilla/5.0 (Windows NT 10.0; Win64; x64) AppleWebKit/537.36 (KHTML, like Gecko) Chrome/58.0.3029.96 Safari/537.36"
[2017-05-09 00:17:16.725] [WARN] http - ::1 - - "GET /assets/css/app.css HTTP/1.1" 304 - "http://localhost:8888/admin/manage/groupMge" "Mozilla/5.0 (Windows NT 10.0; Win64; x64) AppleWebKit/537.36 (KHTML, like Gecko) Chrome/58.0.3029.96 Safari/537.36"
[2017-05-09 00:17:16.726] [WARN] http - ::1 - - "GET /assets/css/zTreeStyle.css HTTP/1.1" 304 - "http://localhost:8888/admin/manage/groupMge" "Mozilla/5.0 (Windows NT 10.0; Win64; x64) AppleWebKit/537.36 (KHTML, like Gecko) Chrome/58.0.3029.96 Safari/537.36"
[2017-05-09 00:17:16.726] [WARN] http - ::1 - - "GET /assets/css/isteven-multi-select.css HTTP/1.1" 304 - "http://localhost:8888/admin/manage/groupMge" "Mozilla/5.0 (Windows NT 10.0; Win64; x64) AppleWebKit/537.36 (KHTML, like Gecko) Chrome/58.0.3029.96 Safari/537.36"
[2017-05-09 00:17:16.726] [WARN] http - ::1 - - "GET /assets/js/jquery.min.js HTTP/1.1" 304 - "http://localhost:8888/admin/manage/groupMge" "Mozilla/5.0 (Windows NT 10.0; Win64; x64) AppleWebKit/537.36 (KHTML, like Gecko) Chrome/58.0.3029.96 Safari/537.36"
[2017-05-09 00:17:16.730] [WARN] http - ::1 - - "GET /assets/js/angular.min.js HTTP/1.1" 304 - "http://localhost:8888/admin/manage/groupMge" "Mozilla/5.0 (Windows NT 10.0; Win64; x64) AppleWebKit/537.36 (KHTML, like Gecko) Chrome/58.0.3029.96 Safari/537.36"
[2017-05-09 00:17:16.734] [WARN] http - ::1 - - "GET /assets/js/isteven-multi-select.js HTTP/1.1" 304 - "http://localhost:8888/admin/manage/groupMge" "Mozilla/5.0 (Windows NT 10.0; Win64; x64) AppleWebKit/537.36 (KHTML, like Gecko) Chrome/58.0.3029.96 Safari/537.36"
[2017-05-09 00:17:16.735] [WARN] http - ::1 - - "GET /angular/controller.js HTTP/1.1" 304 - "http://localhost:8888/admin/manage/groupMge" "Mozilla/5.0 (Windows NT 10.0; Win64; x64) AppleWebKit/537.36 (KHTML, like Gecko) Chrome/58.0.3029.96 Safari/537.36"
[2017-05-09 00:17:16.735] [WARN] http - ::1 - - "GET /assets/js/theme.js HTTP/1.1" 304 - "http://localhost:8888/admin/manage/groupMge" "Mozilla/5.0 (Windows NT 10.0; Win64; x64) AppleWebKit/537.36 (KHTML, like Gecko) Chrome/58.0.3029.96 Safari/537.36"
[2017-05-09 00:17:16.737] [WARN] http - ::1 - - "GET /angular/group_controller.js HTTP/1.1" 304 - "http://localhost:8888/admin/manage/groupMge" "Mozilla/5.0 (Windows NT 10.0; Win64; x64) AppleWebKit/537.36 (KHTML, like Gecko) Chrome/58.0.3029.96 Safari/537.36"
[2017-05-09 00:17:16.740] [WARN] http - ::1 - - "GET /assets/js/amazeui.min.js HTTP/1.1" 304 - "http://localhost:8888/admin/manage/groupMge" "Mozilla/5.0 (Windows NT 10.0; Win64; x64) AppleWebKit/537.36 (KHTML, like Gecko) Chrome/58.0.3029.96 Safari/537.36"
[2017-05-09 00:17:16.742] [WARN] http - ::1 - - "GET /assets/js/amazeui.datatables.min.js HTTP/1.1" 304 - "http://localhost:8888/admin/manage/groupMge" "Mozilla/5.0 (Windows NT 10.0; Win64; x64) AppleWebKit/537.36 (KHTML, like Gecko) Chrome/58.0.3029.96 Safari/537.36"
[2017-05-09 00:17:16.744] [WARN] http - ::1 - - "GET /assets/js/dataTables.responsive.min.js HTTP/1.1" 304 - "http://localhost:8888/admin/manage/groupMge" "Mozilla/5.0 (Windows NT 10.0; Win64; x64) AppleWebKit/537.36 (KHTML, like Gecko) Chrome/58.0.3029.96 Safari/537.36"
[2017-05-09 00:17:16.747] [WARN] http - ::1 - - "GET /assets/js/app.js HTTP/1.1" 304 - "http://localhost:8888/admin/manage/groupMge" "Mozilla/5.0 (Windows NT 10.0; Win64; x64) AppleWebKit/537.36 (KHTML, like Gecko) Chrome/58.0.3029.96 Safari/537.36"
[2017-05-09 00:17:16.749] [WARN] http - ::1 - - "GET /assets/js/socket.io.js HTTP/1.1" 304 - "http://localhost:8888/admin/manage/groupMge" "Mozilla/5.0 (Windows NT 10.0; Win64; x64) AppleWebKit/537.36 (KHTML, like Gecko) Chrome/58.0.3029.96 Safari/537.36"
[2017-05-09 00:17:16.751] [WARN] http - ::1 - - "GET /angular/functions.js HTTP/1.1" 304 - "http://localhost:8888/admin/manage/groupMge" "Mozilla/5.0 (Windows NT 10.0; Win64; x64) AppleWebKit/537.36 (KHTML, like Gecko) Chrome/58.0.3029.96 Safari/537.36"
[2017-05-09 00:17:16.753] [WARN] http - ::1 - - "GET /assets/js/jquery.ztree.core.js HTTP/1.1" 304 - "http://localhost:8888/admin/manage/groupMge" "Mozilla/5.0 (Windows NT 10.0; Win64; x64) AppleWebKit/537.36 (KHTML, like Gecko) Chrome/58.0.3029.96 Safari/537.36"
[2017-05-09 00:17:16.756] [WARN] http - ::1 - - "GET /assets/js/jquery.ztree.excheck.js HTTP/1.1" 304 - "http://localhost:8888/admin/manage/groupMge" "Mozilla/5.0 (Windows NT 10.0; Win64; x64) AppleWebKit/537.36 (KHTML, like Gecko) Chrome/58.0.3029.96 Safari/537.36"
[2017-05-09 00:17:16.760] [WARN] http - ::1 - - "GET /assets/img/sys_logo.png HTTP/1.1" 304 - "http://localhost:8888/admin/manage/groupMge" "Mozilla/5.0 (Windows NT 10.0; Win64; x64) AppleWebKit/537.36 (KHTML, like Gecko) Chrome/58.0.3029.96 Safari/537.36"
[2017-05-09 00:17:16.762] [WARN] http - ::1 - - "GET /assets/img/user04.png HTTP/1.1" 304 - "http://localhost:8888/admin/manage/groupMge" "Mozilla/5.0 (Windows NT 10.0; Win64; x64) AppleWebKit/537.36 (KHTML, like Gecko) Chrome/58.0.3029.96 Safari/537.36"
[2017-05-09 00:17:16.766] [WARN] http - ::1 - - "GET /assets/img/user02.png HTTP/1.1" 304 - "http://localhost:8888/admin/manage/groupMge" "Mozilla/5.0 (Windows NT 10.0; Win64; x64) AppleWebKit/537.36 (KHTML, like Gecko) Chrome/58.0.3029.96 Safari/537.36"
[2017-05-09 00:17:16.839] [WARN] http - ::1 - - "GET /assets/fonts/fontawesome-webfont.woff2?v=4.6.3 HTTP/1.1" 304 - "http://localhost:8888/assets/css/amazeui.min.css" "Mozilla/5.0 (Windows NT 10.0; Win64; x64) AppleWebKit/537.36 (KHTML, like Gecko) Chrome/58.0.3029.96 Safari/537.36"
[2017-05-09 00:17:17.029] [WARN] http - ::1 - - "GET /assets/css/img/zTreeStandard.png HTTP/1.1" 304 - "http://localhost:8888/assets/css/zTreeStyle.css" "Mozilla/5.0 (Windows NT 10.0; Win64; x64) AppleWebKit/537.36 (KHTML, like Gecko) Chrome/58.0.3029.96 Safari/537.36"
[2017-05-09 00:17:17.035] [WARN] http - ::1 - - "GET /admin/manage/getDocumentList/sysTemManage_uGroup?limit=10&currentPage=1&searchKey=undefined&area=undefined HTTP/1.1" 304 - "http://localhost:8888/admin/manage/groupMge" "Mozilla/5.0 (Windows NT 10.0; Win64; x64) AppleWebKit/537.36 (KHTML, like Gecko) Chrome/58.0.3029.96 Safari/537.36"
[2017-05-09 00:17:18.404] [WARN] http - ::1 - - "GET /admin/manage/loging HTTP/1.1" 304 - "http://localhost:8888/admin/manage/groupMge" "Mozilla/5.0 (Windows NT 10.0; Win64; x64) AppleWebKit/537.36 (KHTML, like Gecko) Chrome/58.0.3029.96 Safari/537.36"
[2017-05-09 00:17:18.424] [WARN] http - ::1 - - "GET /assets/css/amazeui.min.css HTTP/1.1" 304 - "http://localhost:8888/admin/manage/loging" "Mozilla/5.0 (Windows NT 10.0; Win64; x64) AppleWebKit/537.36 (KHTML, like Gecko) Chrome/58.0.3029.96 Safari/537.36"
[2017-05-09 00:17:18.424] [WARN] http - ::1 - - "GET /assets/css/amazeui.datatables.min.css HTTP/1.1" 304 - "http://localhost:8888/admin/manage/loging" "Mozilla/5.0 (Windows NT 10.0; Win64; x64) AppleWebKit/537.36 (KHTML, like Gecko) Chrome/58.0.3029.96 Safari/537.36"
[2017-05-09 00:17:18.424] [WARN] http - ::1 - - "GET /assets/css/app.css HTTP/1.1" 304 - "http://localhost:8888/admin/manage/loging" "Mozilla/5.0 (Windows NT 10.0; Win64; x64) AppleWebKit/537.36 (KHTML, like Gecko) Chrome/58.0.3029.96 Safari/537.36"
[2017-05-09 00:17:18.425] [WARN] http - ::1 - - "GET /assets/css/zTreeStyle.css HTTP/1.1" 304 - "http://localhost:8888/admin/manage/loging" "Mozilla/5.0 (Windows NT 10.0; Win64; x64) AppleWebKit/537.36 (KHTML, like Gecko) Chrome/58.0.3029.96 Safari/537.36"
[2017-05-09 00:17:18.425] [WARN] http - ::1 - - "GET /assets/css/isteven-multi-select.css HTTP/1.1" 304 - "http://localhost:8888/admin/manage/loging" "Mozilla/5.0 (Windows NT 10.0; Win64; x64) AppleWebKit/537.36 (KHTML, like Gecko) Chrome/58.0.3029.96 Safari/537.36"
[2017-05-09 00:17:18.425] [WARN] http - ::1 - - "GET /assets/js/jquery.min.js HTTP/1.1" 304 - "http://localhost:8888/admin/manage/loging" "Mozilla/5.0 (Windows NT 10.0; Win64; x64) AppleWebKit/537.36 (KHTML, like Gecko) Chrome/58.0.3029.96 Safari/537.36"
[2017-05-09 00:17:18.429] [WARN] http - ::1 - - "GET /assets/js/angular.min.js HTTP/1.1" 304 - "http://localhost:8888/admin/manage/loging" "Mozilla/5.0 (Windows NT 10.0; Win64; x64) AppleWebKit/537.36 (KHTML, like Gecko) Chrome/58.0.3029.96 Safari/537.36"
[2017-05-09 00:17:18.429] [WARN] http - ::1 - - "GET /assets/js/isteven-multi-select.js HTTP/1.1" 304 - "http://localhost:8888/admin/manage/loging" "Mozilla/5.0 (Windows NT 10.0; Win64; x64) AppleWebKit/537.36 (KHTML, like Gecko) Chrome/58.0.3029.96 Safari/537.36"
[2017-05-09 00:17:18.429] [WARN] http - ::1 - - "GET /angular/controller.js HTTP/1.1" 304 - "http://localhost:8888/admin/manage/loging" "Mozilla/5.0 (Windows NT 10.0; Win64; x64) AppleWebKit/537.36 (KHTML, like Gecko) Chrome/58.0.3029.96 Safari/537.36"
[2017-05-09 00:17:18.430] [WARN] http - ::1 - - "GET /assets/js/theme.js HTTP/1.1" 304 - "http://localhost:8888/admin/manage/loging" "Mozilla/5.0 (Windows NT 10.0; Win64; x64) AppleWebKit/537.36 (KHTML, like Gecko) Chrome/58.0.3029.96 Safari/537.36"
[2017-05-09 00:17:18.432] [WARN] http - ::1 - - "GET /angular/log_controller.js HTTP/1.1" 304 - "http://localhost:8888/admin/manage/loging" "Mozilla/5.0 (Windows NT 10.0; Win64; x64) AppleWebKit/537.36 (KHTML, like Gecko) Chrome/58.0.3029.96 Safari/537.36"
[2017-05-09 00:17:18.434] [WARN] http - ::1 - - "GET /assets/js/amazeui.min.js HTTP/1.1" 304 - "http://localhost:8888/admin/manage/loging" "Mozilla/5.0 (Windows NT 10.0; Win64; x64) AppleWebKit/537.36 (KHTML, like Gecko) Chrome/58.0.3029.96 Safari/537.36"
[2017-05-09 00:17:18.436] [WARN] http - ::1 - - "GET /assets/js/amazeui.datatables.min.js HTTP/1.1" 304 - "http://localhost:8888/admin/manage/loging" "Mozilla/5.0 (Windows NT 10.0; Win64; x64) AppleWebKit/537.36 (KHTML, like Gecko) Chrome/58.0.3029.96 Safari/537.36"
[2017-05-09 00:17:18.438] [WARN] http - ::1 - - "GET /assets/js/dataTables.responsive.min.js HTTP/1.1" 304 - "http://localhost:8888/admin/manage/loging" "Mozilla/5.0 (Windows NT 10.0; Win64; x64) AppleWebKit/537.36 (KHTML, like Gecko) Chrome/58.0.3029.96 Safari/537.36"
[2017-05-09 00:17:18.441] [WARN] http - ::1 - - "GET /assets/js/app.js HTTP/1.1" 304 - "http://localhost:8888/admin/manage/loging" "Mozilla/5.0 (Windows NT 10.0; Win64; x64) AppleWebKit/537.36 (KHTML, like Gecko) Chrome/58.0.3029.96 Safari/537.36"
[2017-05-09 00:17:18.444] [WARN] http - ::1 - - "GET /assets/js/socket.io.js HTTP/1.1" 304 - "http://localhost:8888/admin/manage/loging" "Mozilla/5.0 (Windows NT 10.0; Win64; x64) AppleWebKit/537.36 (KHTML, like Gecko) Chrome/58.0.3029.96 Safari/537.36"
[2017-05-09 00:17:18.447] [WARN] http - ::1 - - "GET /angular/functions.js HTTP/1.1" 304 - "http://localhost:8888/admin/manage/loging" "Mozilla/5.0 (Windows NT 10.0; Win64; x64) AppleWebKit/537.36 (KHTML, like Gecko) Chrome/58.0.3029.96 Safari/537.36"
[2017-05-09 00:17:18.452] [WARN] http - ::1 - - "GET /assets/js/jquery.ztree.core.js HTTP/1.1" 304 - "http://localhost:8888/admin/manage/loging" "Mozilla/5.0 (Windows NT 10.0; Win64; x64) AppleWebKit/537.36 (KHTML, like Gecko) Chrome/58.0.3029.96 Safari/537.36"
[2017-05-09 00:17:18.456] [WARN] http - ::1 - - "GET /assets/js/jquery.ztree.excheck.js HTTP/1.1" 304 - "http://localhost:8888/admin/manage/loging" "Mozilla/5.0 (Windows NT 10.0; Win64; x64) AppleWebKit/537.36 (KHTML, like Gecko) Chrome/58.0.3029.96 Safari/537.36"
[2017-05-09 00:17:18.458] [WARN] http - ::1 - - "GET /assets/img/sys_logo.png HTTP/1.1" 304 - "http://localhost:8888/admin/manage/loging" "Mozilla/5.0 (Windows NT 10.0; Win64; x64) AppleWebKit/537.36 (KHTML, like Gecko) Chrome/58.0.3029.96 Safari/537.36"
[2017-05-09 00:17:18.460] [WARN] http - ::1 - - "GET /assets/img/user04.png HTTP/1.1" 304 - "http://localhost:8888/admin/manage/loging" "Mozilla/5.0 (Windows NT 10.0; Win64; x64) AppleWebKit/537.36 (KHTML, like Gecko) Chrome/58.0.3029.96 Safari/537.36"
[2017-05-09 00:17:18.462] [WARN] http - ::1 - - "GET /assets/img/user02.png HTTP/1.1" 304 - "http://localhost:8888/admin/manage/loging" "Mozilla/5.0 (Windows NT 10.0; Win64; x64) AppleWebKit/537.36 (KHTML, like Gecko) Chrome/58.0.3029.96 Safari/537.36"
[2017-05-09 00:17:18.482] [WARN] http - ::1 - - "GET /assets/fonts/fontawesome-webfont.woff2?v=4.6.3 HTTP/1.1" 304 - "http://localhost:8888/assets/css/amazeui.min.css" "Mozilla/5.0 (Windows NT 10.0; Win64; x64) AppleWebKit/537.36 (KHTML, like Gecko) Chrome/58.0.3029.96 Safari/537.36"
[2017-05-09 00:17:19.372] [INFO] http - ::1 - - "GET /admin/manage/patentMge HTTP/1.1" 200 27692 "http://localhost:8888/admin/manage/loging" "Mozilla/5.0 (Windows NT 10.0; Win64; x64) AppleWebKit/537.36 (KHTML, like Gecko) Chrome/58.0.3029.96 Safari/537.36"
[2017-05-09 00:17:19.391] [WARN] http - ::1 - - "GET /assets/css/amazeui.min.css HTTP/1.1" 304 - "http://localhost:8888/admin/manage/patentMge" "Mozilla/5.0 (Windows NT 10.0; Win64; x64) AppleWebKit/537.36 (KHTML, like Gecko) Chrome/58.0.3029.96 Safari/537.36"
[2017-05-09 00:17:19.391] [WARN] http - ::1 - - "GET /assets/css/amazeui.datatables.min.css HTTP/1.1" 304 - "http://localhost:8888/admin/manage/patentMge" "Mozilla/5.0 (Windows NT 10.0; Win64; x64) AppleWebKit/537.36 (KHTML, like Gecko) Chrome/58.0.3029.96 Safari/537.36"
[2017-05-09 00:17:19.392] [WARN] http - ::1 - - "GET /assets/css/app.css HTTP/1.1" 304 - "http://localhost:8888/admin/manage/patentMge" "Mozilla/5.0 (Windows NT 10.0; Win64; x64) AppleWebKit/537.36 (KHTML, like Gecko) Chrome/58.0.3029.96 Safari/537.36"
[2017-05-09 00:17:19.401] [WARN] http - ::1 - - "GET /assets/css/zTreeStyle.css HTTP/1.1" 304 - "http://localhost:8888/admin/manage/patentMge" "Mozilla/5.0 (Windows NT 10.0; Win64; x64) AppleWebKit/537.36 (KHTML, like Gecko) Chrome/58.0.3029.96 Safari/537.36"
[2017-05-09 00:17:19.401] [WARN] http - ::1 - - "GET /assets/css/isteven-multi-select.css HTTP/1.1" 304 - "http://localhost:8888/admin/manage/patentMge" "Mozilla/5.0 (Windows NT 10.0; Win64; x64) AppleWebKit/537.36 (KHTML, like Gecko) Chrome/58.0.3029.96 Safari/537.36"
[2017-05-09 00:17:19.402] [WARN] http - ::1 - - "GET /assets/js/jquery.min.js HTTP/1.1" 304 - "http://localhost:8888/admin/manage/patentMge" "Mozilla/5.0 (Windows NT 10.0; Win64; x64) AppleWebKit/537.36 (KHTML, like Gecko) Chrome/58.0.3029.96 Safari/537.36"
[2017-05-09 00:17:19.403] [WARN] http - ::1 - - "GET /assets/js/angular.min.js HTTP/1.1" 304 - "http://localhost:8888/admin/manage/patentMge" "Mozilla/5.0 (Windows NT 10.0; Win64; x64) AppleWebKit/537.36 (KHTML, like Gecko) Chrome/58.0.3029.96 Safari/537.36"
[2017-05-09 00:17:19.404] [WARN] http - ::1 - - "GET /assets/js/isteven-multi-select.js HTTP/1.1" 304 - "http://localhost:8888/admin/manage/patentMge" "Mozilla/5.0 (Windows NT 10.0; Win64; x64) AppleWebKit/537.36 (KHTML, like Gecko) Chrome/58.0.3029.96 Safari/537.36"
[2017-05-09 00:17:19.405] [WARN] http - ::1 - - "GET /angular/controller.js HTTP/1.1" 304 - "http://localhost:8888/admin/manage/patentMge" "Mozilla/5.0 (Windows NT 10.0; Win64; x64) AppleWebKit/537.36 (KHTML, like Gecko) Chrome/58.0.3029.96 Safari/537.36"
[2017-05-09 00:17:19.409] [WARN] http - ::1 - - "GET /assets/js/theme.js HTTP/1.1" 304 - "http://localhost:8888/admin/manage/patentMge" "Mozilla/5.0 (Windows NT 10.0; Win64; x64) AppleWebKit/537.36 (KHTML, like Gecko) Chrome/58.0.3029.96 Safari/537.36"
[2017-05-09 00:17:19.412] [INFO] http - ::1 - - "GET /angular/patent_controller.js HTTP/1.1" 200 2677 "http://localhost:8888/admin/manage/patentMge" "Mozilla/5.0 (Windows NT 10.0; Win64; x64) AppleWebKit/537.36 (KHTML, like Gecko) Chrome/58.0.3029.96 Safari/537.36"
[2017-05-09 00:17:19.422] [WARN] http - ::1 - - "GET /assets/js/amazeui.min.js HTTP/1.1" 304 - "http://localhost:8888/admin/manage/patentMge" "Mozilla/5.0 (Windows NT 10.0; Win64; x64) AppleWebKit/537.36 (KHTML, like Gecko) Chrome/58.0.3029.96 Safari/537.36"
[2017-05-09 00:17:19.428] [WARN] http - ::1 - - "GET /assets/js/amazeui.datatables.min.js HTTP/1.1" 304 - "http://localhost:8888/admin/manage/patentMge" "Mozilla/5.0 (Windows NT 10.0; Win64; x64) AppleWebKit/537.36 (KHTML, like Gecko) Chrome/58.0.3029.96 Safari/537.36"
[2017-05-09 00:17:19.431] [WARN] http - ::1 - - "GET /assets/js/dataTables.responsive.min.js HTTP/1.1" 304 - "http://localhost:8888/admin/manage/patentMge" "Mozilla/5.0 (Windows NT 10.0; Win64; x64) AppleWebKit/537.36 (KHTML, like Gecko) Chrome/58.0.3029.96 Safari/537.36"
[2017-05-09 00:17:19.433] [WARN] http - ::1 - - "GET /assets/js/app.js HTTP/1.1" 304 - "http://localhost:8888/admin/manage/patentMge" "Mozilla/5.0 (Windows NT 10.0; Win64; x64) AppleWebKit/537.36 (KHTML, like Gecko) Chrome/58.0.3029.96 Safari/537.36"
[2017-05-09 00:17:19.435] [WARN] http - ::1 - - "GET /assets/js/socket.io.js HTTP/1.1" 304 - "http://localhost:8888/admin/manage/patentMge" "Mozilla/5.0 (Windows NT 10.0; Win64; x64) AppleWebKit/537.36 (KHTML, like Gecko) Chrome/58.0.3029.96 Safari/537.36"
[2017-05-09 00:17:19.437] [WARN] http - ::1 - - "GET /angular/functions.js HTTP/1.1" 304 - "http://localhost:8888/admin/manage/patentMge" "Mozilla/5.0 (Windows NT 10.0; Win64; x64) AppleWebKit/537.36 (KHTML, like Gecko) Chrome/58.0.3029.96 Safari/537.36"
[2017-05-09 00:17:19.438] [WARN] http - ::1 - - "GET /assets/js/jquery.ztree.core.js HTTP/1.1" 304 - "http://localhost:8888/admin/manage/patentMge" "Mozilla/5.0 (Windows NT 10.0; Win64; x64) AppleWebKit/537.36 (KHTML, like Gecko) Chrome/58.0.3029.96 Safari/537.36"
[2017-05-09 00:17:19.440] [WARN] http - ::1 - - "GET /assets/js/jquery.ztree.excheck.js HTTP/1.1" 304 - "http://localhost:8888/admin/manage/patentMge" "Mozilla/5.0 (Windows NT 10.0; Win64; x64) AppleWebKit/537.36 (KHTML, like Gecko) Chrome/58.0.3029.96 Safari/537.36"
[2017-05-09 00:17:19.442] [WARN] http - ::1 - - "GET /assets/img/sys_logo.png HTTP/1.1" 304 - "http://localhost:8888/admin/manage/patentMge" "Mozilla/5.0 (Windows NT 10.0; Win64; x64) AppleWebKit/537.36 (KHTML, like Gecko) Chrome/58.0.3029.96 Safari/537.36"
[2017-05-09 00:17:19.444] [WARN] http - ::1 - - "GET /assets/img/user04.png HTTP/1.1" 304 - "http://localhost:8888/admin/manage/patentMge" "Mozilla/5.0 (Windows NT 10.0; Win64; x64) AppleWebKit/537.36 (KHTML, like Gecko) Chrome/58.0.3029.96 Safari/537.36"
[2017-05-09 00:17:19.447] [WARN] http - ::1 - - "GET /assets/img/user02.png HTTP/1.1" 304 - "http://localhost:8888/admin/manage/patentMge" "Mozilla/5.0 (Windows NT 10.0; Win64; x64) AppleWebKit/537.36 (KHTML, like Gecko) Chrome/58.0.3029.96 Safari/537.36"
[2017-05-09 00:17:19.457] [WARN] http - ::1 - - "GET /assets/fonts/fontawesome-webfont.woff2?v=4.6.3 HTTP/1.1" 304 - "http://localhost:8888/assets/css/amazeui.min.css" "Mozilla/5.0 (Windows NT 10.0; Win64; x64) AppleWebKit/537.36 (KHTML, like Gecko) Chrome/58.0.3029.96 Safari/537.36"
[2017-05-09 00:17:19.582] [WARN] http - ::1 - - "GET /admin/manage/getDocumentList/sysTemManage_patent?limit=10&currentPage=1&searchKey=undefined&area=undefined HTTP/1.1" 304 - "http://localhost:8888/admin/manage/patentMge" "Mozilla/5.0 (Windows NT 10.0; Win64; x64) AppleWebKit/537.36 (KHTML, like Gecko) Chrome/58.0.3029.96 Safari/537.36"
[2017-05-09 00:17:19.582] [WARN] http - ::1 - - "GET /admin/manage/sysTemManage_direction/findAll HTTP/1.1" 304 - "http://localhost:8888/admin/manage/patentMge" "Mozilla/5.0 (Windows NT 10.0; Win64; x64) AppleWebKit/537.36 (KHTML, like Gecko) Chrome/58.0.3029.96 Safari/537.36"
[2017-05-09 00:17:19.584] [WARN] http - ::1 - - "GET /admin/manage/sysTemManage_person/findAll HTTP/1.1" 304 - "http://localhost:8888/admin/manage/patentMge" "Mozilla/5.0 (Windows NT 10.0; Win64; x64) AppleWebKit/537.36 (KHTML, like Gecko) Chrome/58.0.3029.96 Safari/537.36"
[2017-05-09 00:17:20.160] [WARN] http - ::1 - - "GET /admin/manage/directionMge HTTP/1.1" 304 - "http://localhost:8888/admin/manage/patentMge" "Mozilla/5.0 (Windows NT 10.0; Win64; x64) AppleWebKit/537.36 (KHTML, like Gecko) Chrome/58.0.3029.96 Safari/537.36"
[2017-05-09 00:17:20.176] [WARN] http - ::1 - - "GET /assets/css/amazeui.min.css HTTP/1.1" 304 - "http://localhost:8888/admin/manage/directionMge" "Mozilla/5.0 (Windows NT 10.0; Win64; x64) AppleWebKit/537.36 (KHTML, like Gecko) Chrome/58.0.3029.96 Safari/537.36"
[2017-05-09 00:17:20.179] [WARN] http - ::1 - - "GET /assets/css/amazeui.datatables.min.css HTTP/1.1" 304 - "http://localhost:8888/admin/manage/directionMge" "Mozilla/5.0 (Windows NT 10.0; Win64; x64) AppleWebKit/537.36 (KHTML, like Gecko) Chrome/58.0.3029.96 Safari/537.36"
[2017-05-09 00:17:20.179] [WARN] http - ::1 - - "GET /assets/css/app.css HTTP/1.1" 304 - "http://localhost:8888/admin/manage/directionMge" "Mozilla/5.0 (Windows NT 10.0; Win64; x64) AppleWebKit/537.36 (KHTML, like Gecko) Chrome/58.0.3029.96 Safari/537.36"
[2017-05-09 00:17:20.179] [WARN] http - ::1 - - "GET /assets/css/zTreeStyle.css HTTP/1.1" 304 - "http://localhost:8888/admin/manage/directionMge" "Mozilla/5.0 (Windows NT 10.0; Win64; x64) AppleWebKit/537.36 (KHTML, like Gecko) Chrome/58.0.3029.96 Safari/537.36"
[2017-05-09 00:17:20.180] [WARN] http - ::1 - - "GET /assets/css/isteven-multi-select.css HTTP/1.1" 304 - "http://localhost:8888/admin/manage/directionMge" "Mozilla/5.0 (Windows NT 10.0; Win64; x64) AppleWebKit/537.36 (KHTML, like Gecko) Chrome/58.0.3029.96 Safari/537.36"
[2017-05-09 00:17:20.180] [WARN] http - ::1 - - "GET /assets/js/jquery.min.js HTTP/1.1" 304 - "http://localhost:8888/admin/manage/directionMge" "Mozilla/5.0 (Windows NT 10.0; Win64; x64) AppleWebKit/537.36 (KHTML, like Gecko) Chrome/58.0.3029.96 Safari/537.36"
[2017-05-09 00:17:20.183] [WARN] http - ::1 - - "GET /assets/js/angular.min.js HTTP/1.1" 304 - "http://localhost:8888/admin/manage/directionMge" "Mozilla/5.0 (Windows NT 10.0; Win64; x64) AppleWebKit/537.36 (KHTML, like Gecko) Chrome/58.0.3029.96 Safari/537.36"
[2017-05-09 00:17:20.187] [WARN] http - ::1 - - "GET /assets/js/isteven-multi-select.js HTTP/1.1" 304 - "http://localhost:8888/admin/manage/directionMge" "Mozilla/5.0 (Windows NT 10.0; Win64; x64) AppleWebKit/537.36 (KHTML, like Gecko) Chrome/58.0.3029.96 Safari/537.36"
[2017-05-09 00:17:20.187] [WARN] http - ::1 - - "GET /angular/controller.js HTTP/1.1" 304 - "http://localhost:8888/admin/manage/directionMge" "Mozilla/5.0 (Windows NT 10.0; Win64; x64) AppleWebKit/537.36 (KHTML, like Gecko) Chrome/58.0.3029.96 Safari/537.36"
[2017-05-09 00:17:20.189] [WARN] http - ::1 - - "GET /assets/js/theme.js HTTP/1.1" 304 - "http://localhost:8888/admin/manage/directionMge" "Mozilla/5.0 (Windows NT 10.0; Win64; x64) AppleWebKit/537.36 (KHTML, like Gecko) Chrome/58.0.3029.96 Safari/537.36"
[2017-05-09 00:17:20.190] [WARN] http - ::1 - - "GET /angular/direction_controller.js HTTP/1.1" 304 - "http://localhost:8888/admin/manage/directionMge" "Mozilla/5.0 (Windows NT 10.0; Win64; x64) AppleWebKit/537.36 (KHTML, like Gecko) Chrome/58.0.3029.96 Safari/537.36"
[2017-05-09 00:17:20.193] [WARN] http - ::1 - - "GET /assets/js/amazeui.min.js HTTP/1.1" 304 - "http://localhost:8888/admin/manage/directionMge" "Mozilla/5.0 (Windows NT 10.0; Win64; x64) AppleWebKit/537.36 (KHTML, like Gecko) Chrome/58.0.3029.96 Safari/537.36"
[2017-05-09 00:17:20.196] [WARN] http - ::1 - - "GET /assets/js/amazeui.datatables.min.js HTTP/1.1" 304 - "http://localhost:8888/admin/manage/directionMge" "Mozilla/5.0 (Windows NT 10.0; Win64; x64) AppleWebKit/537.36 (KHTML, like Gecko) Chrome/58.0.3029.96 Safari/537.36"
[2017-05-09 00:17:20.199] [WARN] http - ::1 - - "GET /assets/js/dataTables.responsive.min.js HTTP/1.1" 304 - "http://localhost:8888/admin/manage/directionMge" "Mozilla/5.0 (Windows NT 10.0; Win64; x64) AppleWebKit/537.36 (KHTML, like Gecko) Chrome/58.0.3029.96 Safari/537.36"
[2017-05-09 00:17:20.203] [WARN] http - ::1 - - "GET /assets/js/app.js HTTP/1.1" 304 - "http://localhost:8888/admin/manage/directionMge" "Mozilla/5.0 (Windows NT 10.0; Win64; x64) AppleWebKit/537.36 (KHTML, like Gecko) Chrome/58.0.3029.96 Safari/537.36"
[2017-05-09 00:17:20.205] [WARN] http - ::1 - - "GET /assets/js/socket.io.js HTTP/1.1" 304 - "http://localhost:8888/admin/manage/directionMge" "Mozilla/5.0 (Windows NT 10.0; Win64; x64) AppleWebKit/537.36 (KHTML, like Gecko) Chrome/58.0.3029.96 Safari/537.36"
[2017-05-09 00:17:20.207] [WARN] http - ::1 - - "GET /angular/functions.js HTTP/1.1" 304 - "http://localhost:8888/admin/manage/directionMge" "Mozilla/5.0 (Windows NT 10.0; Win64; x64) AppleWebKit/537.36 (KHTML, like Gecko) Chrome/58.0.3029.96 Safari/537.36"
[2017-05-09 00:17:20.209] [WARN] http - ::1 - - "GET /assets/js/jquery.ztree.core.js HTTP/1.1" 304 - "http://localhost:8888/admin/manage/directionMge" "Mozilla/5.0 (Windows NT 10.0; Win64; x64) AppleWebKit/537.36 (KHTML, like Gecko) Chrome/58.0.3029.96 Safari/537.36"
[2017-05-09 00:17:20.211] [WARN] http - ::1 - - "GET /assets/js/jquery.ztree.excheck.js HTTP/1.1" 304 - "http://localhost:8888/admin/manage/directionMge" "Mozilla/5.0 (Windows NT 10.0; Win64; x64) AppleWebKit/537.36 (KHTML, like Gecko) Chrome/58.0.3029.96 Safari/537.36"
[2017-05-09 00:17:20.214] [WARN] http - ::1 - - "GET /assets/img/sys_logo.png HTTP/1.1" 304 - "http://localhost:8888/admin/manage/directionMge" "Mozilla/5.0 (Windows NT 10.0; Win64; x64) AppleWebKit/537.36 (KHTML, like Gecko) Chrome/58.0.3029.96 Safari/537.36"
[2017-05-09 00:17:20.216] [WARN] http - ::1 - - "GET /assets/img/user04.png HTTP/1.1" 304 - "http://localhost:8888/admin/manage/directionMge" "Mozilla/5.0 (Windows NT 10.0; Win64; x64) AppleWebKit/537.36 (KHTML, like Gecko) Chrome/58.0.3029.96 Safari/537.36"
[2017-05-09 00:17:20.218] [WARN] http - ::1 - - "GET /assets/img/user02.png HTTP/1.1" 304 - "http://localhost:8888/admin/manage/directionMge" "Mozilla/5.0 (Windows NT 10.0; Win64; x64) AppleWebKit/537.36 (KHTML, like Gecko) Chrome/58.0.3029.96 Safari/537.36"
[2017-05-09 00:17:20.252] [WARN] http - ::1 - - "GET /assets/fonts/fontawesome-webfont.woff2?v=4.6.3 HTTP/1.1" 304 - "http://localhost:8888/assets/css/amazeui.min.css" "Mozilla/5.0 (Windows NT 10.0; Win64; x64) AppleWebKit/537.36 (KHTML, like Gecko) Chrome/58.0.3029.96 Safari/537.36"
[2017-05-09 00:17:20.323] [WARN] http - ::1 - - "GET /admin/manage/getDocumentList/sysTemManage_direction?limit=10&currentPage=1&searchKey=undefined&area=undefined HTTP/1.1" 304 - "http://localhost:8888/admin/manage/directionMge" "Mozilla/5.0 (Windows NT 10.0; Win64; x64) AppleWebKit/537.36 (KHTML, like Gecko) Chrome/58.0.3029.96 Safari/537.36"
[2017-05-09 00:17:21.254] [WARN] http - ::1 - - "GET /admin/manage/personMge HTTP/1.1" 304 - "http://localhost:8888/admin/manage/directionMge" "Mozilla/5.0 (Windows NT 10.0; Win64; x64) AppleWebKit/537.36 (KHTML, like Gecko) Chrome/58.0.3029.96 Safari/537.36"
[2017-05-09 00:17:21.267] [WARN] http - ::1 - - "GET /assets/css/amazeui.min.css HTTP/1.1" 304 - "http://localhost:8888/admin/manage/personMge" "Mozilla/5.0 (Windows NT 10.0; Win64; x64) AppleWebKit/537.36 (KHTML, like Gecko) Chrome/58.0.3029.96 Safari/537.36"
[2017-05-09 00:17:21.267] [WARN] http - ::1 - - "GET /assets/css/amazeui.datatables.min.css HTTP/1.1" 304 - "http://localhost:8888/admin/manage/personMge" "Mozilla/5.0 (Windows NT 10.0; Win64; x64) AppleWebKit/537.36 (KHTML, like Gecko) Chrome/58.0.3029.96 Safari/537.36"
[2017-05-09 00:17:21.270] [WARN] http - ::1 - - "GET /assets/css/app.css HTTP/1.1" 304 - "http://localhost:8888/admin/manage/personMge" "Mozilla/5.0 (Windows NT 10.0; Win64; x64) AppleWebKit/537.36 (KHTML, like Gecko) Chrome/58.0.3029.96 Safari/537.36"
[2017-05-09 00:17:21.270] [WARN] http - ::1 - - "GET /assets/css/zTreeStyle.css HTTP/1.1" 304 - "http://localhost:8888/admin/manage/personMge" "Mozilla/5.0 (Windows NT 10.0; Win64; x64) AppleWebKit/537.36 (KHTML, like Gecko) Chrome/58.0.3029.96 Safari/537.36"
[2017-05-09 00:17:21.270] [WARN] http - ::1 - - "GET /assets/css/isteven-multi-select.css HTTP/1.1" 304 - "http://localhost:8888/admin/manage/personMge" "Mozilla/5.0 (Windows NT 10.0; Win64; x64) AppleWebKit/537.36 (KHTML, like Gecko) Chrome/58.0.3029.96 Safari/537.36"
[2017-05-09 00:17:21.271] [WARN] http - ::1 - - "GET /assets/js/jquery.min.js HTTP/1.1" 304 - "http://localhost:8888/admin/manage/personMge" "Mozilla/5.0 (Windows NT 10.0; Win64; x64) AppleWebKit/537.36 (KHTML, like Gecko) Chrome/58.0.3029.96 Safari/537.36"
[2017-05-09 00:17:21.272] [WARN] http - ::1 - - "GET /assets/js/angular.min.js HTTP/1.1" 304 - "http://localhost:8888/admin/manage/personMge" "Mozilla/5.0 (Windows NT 10.0; Win64; x64) AppleWebKit/537.36 (KHTML, like Gecko) Chrome/58.0.3029.96 Safari/537.36"
[2017-05-09 00:17:21.272] [WARN] http - ::1 - - "GET /assets/js/isteven-multi-select.js HTTP/1.1" 304 - "http://localhost:8888/admin/manage/personMge" "Mozilla/5.0 (Windows NT 10.0; Win64; x64) AppleWebKit/537.36 (KHTML, like Gecko) Chrome/58.0.3029.96 Safari/537.36"
[2017-05-09 00:17:21.274] [WARN] http - ::1 - - "GET /angular/controller.js HTTP/1.1" 304 - "http://localhost:8888/admin/manage/personMge" "Mozilla/5.0 (Windows NT 10.0; Win64; x64) AppleWebKit/537.36 (KHTML, like Gecko) Chrome/58.0.3029.96 Safari/537.36"
[2017-05-09 00:17:21.274] [WARN] http - ::1 - - "GET /assets/js/theme.js HTTP/1.1" 304 - "http://localhost:8888/admin/manage/personMge" "Mozilla/5.0 (Windows NT 10.0; Win64; x64) AppleWebKit/537.36 (KHTML, like Gecko) Chrome/58.0.3029.96 Safari/537.36"
[2017-05-09 00:17:21.277] [WARN] http - ::1 - - "GET /angular/person_controller.js HTTP/1.1" 304 - "http://localhost:8888/admin/manage/personMge" "Mozilla/5.0 (Windows NT 10.0; Win64; x64) AppleWebKit/537.36 (KHTML, like Gecko) Chrome/58.0.3029.96 Safari/537.36"
[2017-05-09 00:17:21.279] [WARN] http - ::1 - - "GET /assets/js/amazeui.min.js HTTP/1.1" 304 - "http://localhost:8888/admin/manage/personMge" "Mozilla/5.0 (Windows NT 10.0; Win64; x64) AppleWebKit/537.36 (KHTML, like Gecko) Chrome/58.0.3029.96 Safari/537.36"
[2017-05-09 00:17:21.282] [WARN] http - ::1 - - "GET /assets/js/amazeui.datatables.min.js HTTP/1.1" 304 - "http://localhost:8888/admin/manage/personMge" "Mozilla/5.0 (Windows NT 10.0; Win64; x64) AppleWebKit/537.36 (KHTML, like Gecko) Chrome/58.0.3029.96 Safari/537.36"
[2017-05-09 00:17:21.285] [WARN] http - ::1 - - "GET /assets/js/dataTables.responsive.min.js HTTP/1.1" 304 - "http://localhost:8888/admin/manage/personMge" "Mozilla/5.0 (Windows NT 10.0; Win64; x64) AppleWebKit/537.36 (KHTML, like Gecko) Chrome/58.0.3029.96 Safari/537.36"
[2017-05-09 00:17:21.287] [WARN] http - ::1 - - "GET /assets/js/app.js HTTP/1.1" 304 - "http://localhost:8888/admin/manage/personMge" "Mozilla/5.0 (Windows NT 10.0; Win64; x64) AppleWebKit/537.36 (KHTML, like Gecko) Chrome/58.0.3029.96 Safari/537.36"
[2017-05-09 00:17:21.291] [WARN] http - ::1 - - "GET /assets/js/socket.io.js HTTP/1.1" 304 - "http://localhost:8888/admin/manage/personMge" "Mozilla/5.0 (Windows NT 10.0; Win64; x64) AppleWebKit/537.36 (KHTML, like Gecko) Chrome/58.0.3029.96 Safari/537.36"
[2017-05-09 00:17:21.293] [WARN] http - ::1 - - "GET /angular/functions.js HTTP/1.1" 304 - "http://localhost:8888/admin/manage/personMge" "Mozilla/5.0 (Windows NT 10.0; Win64; x64) AppleWebKit/537.36 (KHTML, like Gecko) Chrome/58.0.3029.96 Safari/537.36"
[2017-05-09 00:17:21.295] [WARN] http - ::1 - - "GET /assets/js/jquery.ztree.core.js HTTP/1.1" 304 - "http://localhost:8888/admin/manage/personMge" "Mozilla/5.0 (Windows NT 10.0; Win64; x64) AppleWebKit/537.36 (KHTML, like Gecko) Chrome/58.0.3029.96 Safari/537.36"
[2017-05-09 00:17:21.297] [WARN] http - ::1 - - "GET /assets/js/jquery.ztree.excheck.js HTTP/1.1" 304 - "http://localhost:8888/admin/manage/personMge" "Mozilla/5.0 (Windows NT 10.0; Win64; x64) AppleWebKit/537.36 (KHTML, like Gecko) Chrome/58.0.3029.96 Safari/537.36"
[2017-05-09 00:17:21.298] [WARN] http - ::1 - - "GET /assets/img/sys_logo.png HTTP/1.1" 304 - "http://localhost:8888/admin/manage/personMge" "Mozilla/5.0 (Windows NT 10.0; Win64; x64) AppleWebKit/537.36 (KHTML, like Gecko) Chrome/58.0.3029.96 Safari/537.36"
[2017-05-09 00:17:21.300] [WARN] http - ::1 - - "GET /assets/img/user04.png HTTP/1.1" 304 - "http://localhost:8888/admin/manage/personMge" "Mozilla/5.0 (Windows NT 10.0; Win64; x64) AppleWebKit/537.36 (KHTML, like Gecko) Chrome/58.0.3029.96 Safari/537.36"
[2017-05-09 00:17:21.301] [WARN] http - ::1 - - "GET /assets/img/user02.png HTTP/1.1" 304 - "http://localhost:8888/admin/manage/personMge" "Mozilla/5.0 (Windows NT 10.0; Win64; x64) AppleWebKit/537.36 (KHTML, like Gecko) Chrome/58.0.3029.96 Safari/537.36"
[2017-05-09 00:17:21.322] [WARN] http - ::1 - - "GET /assets/fonts/fontawesome-webfont.woff2?v=4.6.3 HTTP/1.1" 304 - "http://localhost:8888/assets/css/amazeui.min.css" "Mozilla/5.0 (Windows NT 10.0; Win64; x64) AppleWebKit/537.36 (KHTML, like Gecko) Chrome/58.0.3029.96 Safari/537.36"
[2017-05-09 00:17:21.411] [WARN] http - ::1 - - "GET /admin/manage/getDocumentList/sysTemManage_person?limit=10&currentPage=1&searchKey=undefined&area=undefined HTTP/1.1" 304 - "http://localhost:8888/admin/manage/personMge" "Mozilla/5.0 (Windows NT 10.0; Win64; x64) AppleWebKit/537.36 (KHTML, like Gecko) Chrome/58.0.3029.96 Safari/537.36"
[2017-05-09 00:17:23.035] [WARN] http - ::1 - - "GET /admin/manage/patentMge HTTP/1.1" 304 - "http://localhost:8888/admin/manage/personMge" "Mozilla/5.0 (Windows NT 10.0; Win64; x64) AppleWebKit/537.36 (KHTML, like Gecko) Chrome/58.0.3029.96 Safari/537.36"
[2017-05-09 00:17:23.046] [WARN] http - ::1 - - "GET /assets/css/amazeui.min.css HTTP/1.1" 304 - "http://localhost:8888/admin/manage/patentMge" "Mozilla/5.0 (Windows NT 10.0; Win64; x64) AppleWebKit/537.36 (KHTML, like Gecko) Chrome/58.0.3029.96 Safari/537.36"
[2017-05-09 00:17:23.049] [WARN] http - ::1 - - "GET /assets/css/amazeui.datatables.min.css HTTP/1.1" 304 - "http://localhost:8888/admin/manage/patentMge" "Mozilla/5.0 (Windows NT 10.0; Win64; x64) AppleWebKit/537.36 (KHTML, like Gecko) Chrome/58.0.3029.96 Safari/537.36"
[2017-05-09 00:17:23.050] [WARN] http - ::1 - - "GET /assets/css/app.css HTTP/1.1" 304 - "http://localhost:8888/admin/manage/patentMge" "Mozilla/5.0 (Windows NT 10.0; Win64; x64) AppleWebKit/537.36 (KHTML, like Gecko) Chrome/58.0.3029.96 Safari/537.36"
[2017-05-09 00:17:23.050] [WARN] http - ::1 - - "GET /assets/css/zTreeStyle.css HTTP/1.1" 304 - "http://localhost:8888/admin/manage/patentMge" "Mozilla/5.0 (Windows NT 10.0; Win64; x64) AppleWebKit/537.36 (KHTML, like Gecko) Chrome/58.0.3029.96 Safari/537.36"
[2017-05-09 00:17:23.050] [WARN] http - ::1 - - "GET /assets/css/isteven-multi-select.css HTTP/1.1" 304 - "http://localhost:8888/admin/manage/patentMge" "Mozilla/5.0 (Windows NT 10.0; Win64; x64) AppleWebKit/537.36 (KHTML, like Gecko) Chrome/58.0.3029.96 Safari/537.36"
[2017-05-09 00:17:23.050] [WARN] http - ::1 - - "GET /assets/js/jquery.min.js HTTP/1.1" 304 - "http://localhost:8888/admin/manage/patentMge" "Mozilla/5.0 (Windows NT 10.0; Win64; x64) AppleWebKit/537.36 (KHTML, like Gecko) Chrome/58.0.3029.96 Safari/537.36"
[2017-05-09 00:17:23.051] [WARN] http - ::1 - - "GET /assets/js/angular.min.js HTTP/1.1" 304 - "http://localhost:8888/admin/manage/patentMge" "Mozilla/5.0 (Windows NT 10.0; Win64; x64) AppleWebKit/537.36 (KHTML, like Gecko) Chrome/58.0.3029.96 Safari/537.36"
[2017-05-09 00:17:23.052] [WARN] http - ::1 - - "GET /assets/js/isteven-multi-select.js HTTP/1.1" 304 - "http://localhost:8888/admin/manage/patentMge" "Mozilla/5.0 (Windows NT 10.0; Win64; x64) AppleWebKit/537.36 (KHTML, like Gecko) Chrome/58.0.3029.96 Safari/537.36"
[2017-05-09 00:17:23.053] [WARN] http - ::1 - - "GET /angular/controller.js HTTP/1.1" 304 - "http://localhost:8888/admin/manage/patentMge" "Mozilla/5.0 (Windows NT 10.0; Win64; x64) AppleWebKit/537.36 (KHTML, like Gecko) Chrome/58.0.3029.96 Safari/537.36"
[2017-05-09 00:17:23.053] [WARN] http - ::1 - - "GET /assets/js/theme.js HTTP/1.1" 304 - "http://localhost:8888/admin/manage/patentMge" "Mozilla/5.0 (Windows NT 10.0; Win64; x64) AppleWebKit/537.36 (KHTML, like Gecko) Chrome/58.0.3029.96 Safari/537.36"
[2017-05-09 00:17:23.055] [WARN] http - ::1 - - "GET /angular/patent_controller.js HTTP/1.1" 304 - "http://localhost:8888/admin/manage/patentMge" "Mozilla/5.0 (Windows NT 10.0; Win64; x64) AppleWebKit/537.36 (KHTML, like Gecko) Chrome/58.0.3029.96 Safari/537.36"
[2017-05-09 00:17:23.057] [WARN] http - ::1 - - "GET /assets/js/amazeui.min.js HTTP/1.1" 304 - "http://localhost:8888/admin/manage/patentMge" "Mozilla/5.0 (Windows NT 10.0; Win64; x64) AppleWebKit/537.36 (KHTML, like Gecko) Chrome/58.0.3029.96 Safari/537.36"
[2017-05-09 00:17:23.059] [WARN] http - ::1 - - "GET /assets/js/amazeui.datatables.min.js HTTP/1.1" 304 - "http://localhost:8888/admin/manage/patentMge" "Mozilla/5.0 (Windows NT 10.0; Win64; x64) AppleWebKit/537.36 (KHTML, like Gecko) Chrome/58.0.3029.96 Safari/537.36"
[2017-05-09 00:17:23.061] [WARN] http - ::1 - - "GET /assets/js/dataTables.responsive.min.js HTTP/1.1" 304 - "http://localhost:8888/admin/manage/patentMge" "Mozilla/5.0 (Windows NT 10.0; Win64; x64) AppleWebKit/537.36 (KHTML, like Gecko) Chrome/58.0.3029.96 Safari/537.36"
[2017-05-09 00:17:23.064] [WARN] http - ::1 - - "GET /assets/js/app.js HTTP/1.1" 304 - "http://localhost:8888/admin/manage/patentMge" "Mozilla/5.0 (Windows NT 10.0; Win64; x64) AppleWebKit/537.36 (KHTML, like Gecko) Chrome/58.0.3029.96 Safari/537.36"
[2017-05-09 00:17:23.066] [WARN] http - ::1 - - "GET /assets/js/socket.io.js HTTP/1.1" 304 - "http://localhost:8888/admin/manage/patentMge" "Mozilla/5.0 (Windows NT 10.0; Win64; x64) AppleWebKit/537.36 (KHTML, like Gecko) Chrome/58.0.3029.96 Safari/537.36"
[2017-05-09 00:17:23.069] [WARN] http - ::1 - - "GET /angular/functions.js HTTP/1.1" 304 - "http://localhost:8888/admin/manage/patentMge" "Mozilla/5.0 (Windows NT 10.0; Win64; x64) AppleWebKit/537.36 (KHTML, like Gecko) Chrome/58.0.3029.96 Safari/537.36"
[2017-05-09 00:17:23.072] [WARN] http - ::1 - - "GET /assets/js/jquery.ztree.core.js HTTP/1.1" 304 - "http://localhost:8888/admin/manage/patentMge" "Mozilla/5.0 (Windows NT 10.0; Win64; x64) AppleWebKit/537.36 (KHTML, like Gecko) Chrome/58.0.3029.96 Safari/537.36"
[2017-05-09 00:17:23.074] [WARN] http - ::1 - - "GET /assets/js/jquery.ztree.excheck.js HTTP/1.1" 304 - "http://localhost:8888/admin/manage/patentMge" "Mozilla/5.0 (Windows NT 10.0; Win64; x64) AppleWebKit/537.36 (KHTML, like Gecko) Chrome/58.0.3029.96 Safari/537.36"
[2017-05-09 00:17:23.077] [WARN] http - ::1 - - "GET /assets/img/sys_logo.png HTTP/1.1" 304 - "http://localhost:8888/admin/manage/patentMge" "Mozilla/5.0 (Windows NT 10.0; Win64; x64) AppleWebKit/537.36 (KHTML, like Gecko) Chrome/58.0.3029.96 Safari/537.36"
[2017-05-09 00:17:23.079] [WARN] http - ::1 - - "GET /assets/img/user04.png HTTP/1.1" 304 - "http://localhost:8888/admin/manage/patentMge" "Mozilla/5.0 (Windows NT 10.0; Win64; x64) AppleWebKit/537.36 (KHTML, like Gecko) Chrome/58.0.3029.96 Safari/537.36"
[2017-05-09 00:17:23.080] [WARN] http - ::1 - - "GET /assets/img/user02.png HTTP/1.1" 304 - "http://localhost:8888/admin/manage/patentMge" "Mozilla/5.0 (Windows NT 10.0; Win64; x64) AppleWebKit/537.36 (KHTML, like Gecko) Chrome/58.0.3029.96 Safari/537.36"
[2017-05-09 00:17:23.105] [WARN] http - ::1 - - "GET /assets/fonts/fontawesome-webfont.woff2?v=4.6.3 HTTP/1.1" 304 - "http://localhost:8888/assets/css/amazeui.min.css" "Mozilla/5.0 (Windows NT 10.0; Win64; x64) AppleWebKit/537.36 (KHTML, like Gecko) Chrome/58.0.3029.96 Safari/537.36"
[2017-05-09 00:17:23.239] [WARN] http - ::1 - - "GET /admin/manage/getDocumentList/sysTemManage_patent?limit=10&currentPage=1&searchKey=undefined&area=undefined HTTP/1.1" 304 - "http://localhost:8888/admin/manage/patentMge" "Mozilla/5.0 (Windows NT 10.0; Win64; x64) AppleWebKit/537.36 (KHTML, like Gecko) Chrome/58.0.3029.96 Safari/537.36"
[2017-05-09 00:17:23.240] [WARN] http - ::1 - - "GET /admin/manage/sysTemManage_direction/findAll HTTP/1.1" 304 - "http://localhost:8888/admin/manage/patentMge" "Mozilla/5.0 (Windows NT 10.0; Win64; x64) AppleWebKit/537.36 (KHTML, like Gecko) Chrome/58.0.3029.96 Safari/537.36"
[2017-05-09 00:17:23.241] [WARN] http - ::1 - - "GET /admin/manage/sysTemManage_person/findAll HTTP/1.1" 304 - "http://localhost:8888/admin/manage/patentMge" "Mozilla/5.0 (Windows NT 10.0; Win64; x64) AppleWebKit/537.36 (KHTML, like Gecko) Chrome/58.0.3029.96 Safari/537.36"
[2017-05-09 00:17:28.767] [WARN] http - ::1 - - "GET /assets/css/amazeui.min.css HTTP/1.1" 304 - "http://localhost:8888/admin/manage/patentMge" "Mozilla/5.0 (Windows NT 10.0; Win64; x64) AppleWebKit/537.36 (KHTML, like Gecko) Chrome/58.0.3029.96 Safari/537.36"
[2017-05-09 00:17:28.767] [WARN] http - ::1 - - "GET /assets/css/amazeui.datatables.min.css HTTP/1.1" 304 - "http://localhost:8888/admin/manage/patentMge" "Mozilla/5.0 (Windows NT 10.0; Win64; x64) AppleWebKit/537.36 (KHTML, like Gecko) Chrome/58.0.3029.96 Safari/537.36"
[2017-05-09 00:17:28.769] [WARN] http - ::1 - - "GET /assets/css/app.css HTTP/1.1" 304 - "http://localhost:8888/admin/manage/patentMge" "Mozilla/5.0 (Windows NT 10.0; Win64; x64) AppleWebKit/537.36 (KHTML, like Gecko) Chrome/58.0.3029.96 Safari/537.36"
[2017-05-09 00:17:28.769] [WARN] http - ::1 - - "GET /assets/css/zTreeStyle.css HTTP/1.1" 304 - "http://localhost:8888/admin/manage/patentMge" "Mozilla/5.0 (Windows NT 10.0; Win64; x64) AppleWebKit/537.36 (KHTML, like Gecko) Chrome/58.0.3029.96 Safari/537.36"
[2017-05-09 00:17:28.769] [WARN] http - ::1 - - "GET /assets/css/isteven-multi-select.css HTTP/1.1" 304 - "http://localhost:8888/admin/manage/patentMge" "Mozilla/5.0 (Windows NT 10.0; Win64; x64) AppleWebKit/537.36 (KHTML, like Gecko) Chrome/58.0.3029.96 Safari/537.36"
[2017-05-09 00:17:39.599] [INFO] http - ::1 - - "POST /admin/manage/sysTemManage_patent/addOne HTTP/1.1" 200 - "http://localhost:8888/admin/manage/patentMge" "Mozilla/5.0 (Windows NT 10.0; Win64; x64) AppleWebKit/537.36 (KHTML, like Gecko) Chrome/58.0.3029.96 Safari/537.36"
[2017-05-09 00:17:39.623] [INFO] http - ::1 - - "GET /admin/manage/getDocumentList/sysTemManage_patent?limit=10&currentPage=1&searchKey=undefined&area=undefined HTTP/1.1" 200 753 "http://localhost:8888/admin/manage/patentMge" "Mozilla/5.0 (Windows NT 10.0; Win64; x64) AppleWebKit/537.36 (KHTML, like Gecko) Chrome/58.0.3029.96 Safari/537.36"
[2017-05-09 00:22:20.564] [WARN] http - ::1 - - "GET /admin/manage/patentMge HTTP/1.1" 302 68 "http://localhost:8888/admin/manage/personMge" "Mozilla/5.0 (Windows NT 10.0; Win64; x64) AppleWebKit/537.36 (KHTML, like Gecko) Chrome/58.0.3029.96 Safari/537.36"
[2017-05-09 00:22:20.578] [WARN] http - ::1 - - "GET /admin/login HTTP/1.1" 304 - "http://localhost:8888/admin/manage/personMge" "Mozilla/5.0 (Windows NT 10.0; Win64; x64) AppleWebKit/537.36 (KHTML, like Gecko) Chrome/58.0.3029.96 Safari/537.36"
[2017-05-09 00:22:20.592] [WARN] http - ::1 - - "GET /assets/css/amazeui.min.css HTTP/1.1" 304 - "http://localhost:8888/admin/login" "Mozilla/5.0 (Windows NT 10.0; Win64; x64) AppleWebKit/537.36 (KHTML, like Gecko) Chrome/58.0.3029.96 Safari/537.36"
[2017-05-09 00:22:20.596] [WARN] http - ::1 - - "GET /assets/css/amazeui.datatables.min.css HTTP/1.1" 304 - "http://localhost:8888/admin/login" "Mozilla/5.0 (Windows NT 10.0; Win64; x64) AppleWebKit/537.36 (KHTML, like Gecko) Chrome/58.0.3029.96 Safari/537.36"
[2017-05-09 00:22:20.596] [WARN] http - ::1 - - "GET /assets/css/app.css HTTP/1.1" 304 - "http://localhost:8888/admin/login" "Mozilla/5.0 (Windows NT 10.0; Win64; x64) AppleWebKit/537.36 (KHTML, like Gecko) Chrome/58.0.3029.96 Safari/537.36"
[2017-05-09 00:22:20.598] [WARN] http - ::1 - - "GET /assets/js/jquery.min.js HTTP/1.1" 304 - "http://localhost:8888/admin/login" "Mozilla/5.0 (Windows NT 10.0; Win64; x64) AppleWebKit/537.36 (KHTML, like Gecko) Chrome/58.0.3029.96 Safari/537.36"
[2017-05-09 00:22:20.599] [WARN] http - ::1 - - "GET /assets/js/angular.min.js HTTP/1.1" 304 - "http://localhost:8888/admin/login" "Mozilla/5.0 (Windows NT 10.0; Win64; x64) AppleWebKit/537.36 (KHTML, like Gecko) Chrome/58.0.3029.96 Safari/537.36"
[2017-05-09 00:22:20.599] [WARN] http - ::1 - - "GET /assets/js/theme.js HTTP/1.1" 304 - "http://localhost:8888/admin/login" "Mozilla/5.0 (Windows NT 10.0; Win64; x64) AppleWebKit/537.36 (KHTML, like Gecko) Chrome/58.0.3029.96 Safari/537.36"
[2017-05-09 00:22:20.599] [WARN] http - ::1 - - "GET /assets/js/amazeui.min.js HTTP/1.1" 304 - "http://localhost:8888/admin/login" "Mozilla/5.0 (Windows NT 10.0; Win64; x64) AppleWebKit/537.36 (KHTML, like Gecko) Chrome/58.0.3029.96 Safari/537.36"
[2017-05-09 00:22:20.601] [WARN] http - ::1 - - "GET /assets/js/app.js HTTP/1.1" 304 - "http://localhost:8888/admin/login" "Mozilla/5.0 (Windows NT 10.0; Win64; x64) AppleWebKit/537.36 (KHTML, like Gecko) Chrome/58.0.3029.96 Safari/537.36"
[2017-05-09 00:22:20.763] [WARN] http - ::1 - - "GET /assets/js/angular.min.js.map HTTP/1.1" 304 - "" "Mozilla/5.0 (Windows NT 10.0; Win64; x64) AppleWebKit/537.36 (KHTML, like Gecko) Chrome/58.0.3029.96 Safari/537.36"
[2017-05-09 00:22:20.820] [WARN] http - ::1 - - "GET /assets/fonts/fontawesome-webfont.woff2?v=4.6.3 HTTP/1.1" 304 - "http://localhost:8888/assets/css/amazeui.min.css" "Mozilla/5.0 (Windows NT 10.0; Win64; x64) AppleWebKit/537.36 (KHTML, like Gecko) Chrome/58.0.3029.96 Safari/537.36"
[2017-05-09 00:22:20.821] [WARN] http - ::1 - - "GET /assets/img/logob.png HTTP/1.1" 304 - "http://localhost:8888/assets/css/app.css" "Mozilla/5.0 (Windows NT 10.0; Win64; x64) AppleWebKit/537.36 (KHTML, like Gecko) Chrome/58.0.3029.96 Safari/537.36"
[2017-05-09 00:22:25.979] [INFO] http - ::1 - - "POST /admin/doLogin HTTP/1.1" 200 - "http://localhost:8888/admin/login" "Mozilla/5.0 (Windows NT 10.0; Win64; x64) AppleWebKit/537.36 (KHTML, like Gecko) Chrome/58.0.3029.96 Safari/537.36"
[2017-05-09 00:22:25.995] [WARN] http - ::1 - - "GET /admin/manage HTTP/1.1" 304 - "http://localhost:8888/admin/login" "Mozilla/5.0 (Windows NT 10.0; Win64; x64) AppleWebKit/537.36 (KHTML, like Gecko) Chrome/58.0.3029.96 Safari/537.36"
[2017-05-09 00:22:26.020] [WARN] http - ::1 - - "GET /assets/css/amazeui.min.css HTTP/1.1" 304 - "http://localhost:8888/admin/manage" "Mozilla/5.0 (Windows NT 10.0; Win64; x64) AppleWebKit/537.36 (KHTML, like Gecko) Chrome/58.0.3029.96 Safari/537.36"
[2017-05-09 00:22:26.021] [WARN] http - ::1 - - "GET /assets/css/amazeui.datatables.min.css HTTP/1.1" 304 - "http://localhost:8888/admin/manage" "Mozilla/5.0 (Windows NT 10.0; Win64; x64) AppleWebKit/537.36 (KHTML, like Gecko) Chrome/58.0.3029.96 Safari/537.36"
[2017-05-09 00:22:26.022] [WARN] http - ::1 - - "GET /assets/css/app.css HTTP/1.1" 304 - "http://localhost:8888/admin/manage" "Mozilla/5.0 (Windows NT 10.0; Win64; x64) AppleWebKit/537.36 (KHTML, like Gecko) Chrome/58.0.3029.96 Safari/537.36"
[2017-05-09 00:22:26.023] [WARN] http - ::1 - - "GET /assets/css/zTreeStyle.css HTTP/1.1" 304 - "http://localhost:8888/admin/manage" "Mozilla/5.0 (Windows NT 10.0; Win64; x64) AppleWebKit/537.36 (KHTML, like Gecko) Chrome/58.0.3029.96 Safari/537.36"
[2017-05-09 00:22:26.023] [WARN] http - ::1 - - "GET /assets/css/isteven-multi-select.css HTTP/1.1" 304 - "http://localhost:8888/admin/manage" "Mozilla/5.0 (Windows NT 10.0; Win64; x64) AppleWebKit/537.36 (KHTML, like Gecko) Chrome/58.0.3029.96 Safari/537.36"
[2017-05-09 00:22:26.027] [WARN] http - ::1 - - "GET /assets/js/jquery.min.js HTTP/1.1" 304 - "http://localhost:8888/admin/manage" "Mozilla/5.0 (Windows NT 10.0; Win64; x64) AppleWebKit/537.36 (KHTML, like Gecko) Chrome/58.0.3029.96 Safari/537.36"
[2017-05-09 00:22:26.030] [WARN] http - ::1 - - "GET /assets/js/angular.min.js HTTP/1.1" 304 - "http://localhost:8888/admin/manage" "Mozilla/5.0 (Windows NT 10.0; Win64; x64) AppleWebKit/537.36 (KHTML, like Gecko) Chrome/58.0.3029.96 Safari/537.36"
[2017-05-09 00:22:26.030] [WARN] http - ::1 - - "GET /assets/js/isteven-multi-select.js HTTP/1.1" 304 - "http://localhost:8888/admin/manage" "Mozilla/5.0 (Windows NT 10.0; Win64; x64) AppleWebKit/537.36 (KHTML, like Gecko) Chrome/58.0.3029.96 Safari/537.36"
[2017-05-09 00:22:26.030] [WARN] http - ::1 - - "GET /angular/controller.js HTTP/1.1" 304 - "http://localhost:8888/admin/manage" "Mozilla/5.0 (Windows NT 10.0; Win64; x64) AppleWebKit/537.36 (KHTML, like Gecko) Chrome/58.0.3029.96 Safari/537.36"
[2017-05-09 00:22:26.031] [WARN] http - ::1 - - "GET /assets/js/theme.js HTTP/1.1" 304 - "http://localhost:8888/admin/manage" "Mozilla/5.0 (Windows NT 10.0; Win64; x64) AppleWebKit/537.36 (KHTML, like Gecko) Chrome/58.0.3029.96 Safari/537.36"
[2017-05-09 00:22:26.034] [WARN] http - ::1 - - "GET /assets/js/amazeui.min.js HTTP/1.1" 304 - "http://localhost:8888/admin/manage" "Mozilla/5.0 (Windows NT 10.0; Win64; x64) AppleWebKit/537.36 (KHTML, like Gecko) Chrome/58.0.3029.96 Safari/537.36"
[2017-05-09 00:22:26.036] [WARN] http - ::1 - - "GET /assets/js/amazeui.datatables.min.js HTTP/1.1" 304 - "http://localhost:8888/admin/manage" "Mozilla/5.0 (Windows NT 10.0; Win64; x64) AppleWebKit/537.36 (KHTML, like Gecko) Chrome/58.0.3029.96 Safari/537.36"
[2017-05-09 00:22:26.041] [WARN] http - ::1 - - "GET /assets/js/dataTables.responsive.min.js HTTP/1.1" 304 - "http://localhost:8888/admin/manage" "Mozilla/5.0 (Windows NT 10.0; Win64; x64) AppleWebKit/537.36 (KHTML, like Gecko) Chrome/58.0.3029.96 Safari/537.36"
[2017-05-09 00:22:26.042] [WARN] http - ::1 - - "GET /assets/js/app.js HTTP/1.1" 304 - "http://localhost:8888/admin/manage" "Mozilla/5.0 (Windows NT 10.0; Win64; x64) AppleWebKit/537.36 (KHTML, like Gecko) Chrome/58.0.3029.96 Safari/537.36"
[2017-05-09 00:22:26.045] [WARN] http - ::1 - - "GET /assets/js/socket.io.js HTTP/1.1" 304 - "http://localhost:8888/admin/manage" "Mozilla/5.0 (Windows NT 10.0; Win64; x64) AppleWebKit/537.36 (KHTML, like Gecko) Chrome/58.0.3029.96 Safari/537.36"
[2017-05-09 00:22:26.053] [INFO] http - ::1 - - "GET /angular/functions.js HTTP/1.1" 200 9960 "http://localhost:8888/admin/manage" "Mozilla/5.0 (Windows NT 10.0; Win64; x64) AppleWebKit/537.36 (KHTML, like Gecko) Chrome/58.0.3029.96 Safari/537.36"
[2017-05-09 00:22:26.056] [WARN] http - ::1 - - "GET /assets/js/jquery.ztree.core.js HTTP/1.1" 304 - "http://localhost:8888/admin/manage" "Mozilla/5.0 (Windows NT 10.0; Win64; x64) AppleWebKit/537.36 (KHTML, like Gecko) Chrome/58.0.3029.96 Safari/537.36"
[2017-05-09 00:22:26.060] [WARN] http - ::1 - - "GET /assets/js/jquery.ztree.excheck.js HTTP/1.1" 304 - "http://localhost:8888/admin/manage" "Mozilla/5.0 (Windows NT 10.0; Win64; x64) AppleWebKit/537.36 (KHTML, like Gecko) Chrome/58.0.3029.96 Safari/537.36"
[2017-05-09 00:22:26.064] [WARN] http - ::1 - - "GET /assets/img/sys_logo.png HTTP/1.1" 304 - "http://localhost:8888/admin/manage" "Mozilla/5.0 (Windows NT 10.0; Win64; x64) AppleWebKit/537.36 (KHTML, like Gecko) Chrome/58.0.3029.96 Safari/537.36"
[2017-05-09 00:22:26.067] [WARN] http - ::1 - - "GET /assets/img/user04.png HTTP/1.1" 304 - "http://localhost:8888/admin/manage" "Mozilla/5.0 (Windows NT 10.0; Win64; x64) AppleWebKit/537.36 (KHTML, like Gecko) Chrome/58.0.3029.96 Safari/537.36"
[2017-05-09 00:22:26.069] [WARN] http - ::1 - - "GET /assets/img/user02.png HTTP/1.1" 304 - "http://localhost:8888/admin/manage" "Mozilla/5.0 (Windows NT 10.0; Win64; x64) AppleWebKit/537.36 (KHTML, like Gecko) Chrome/58.0.3029.96 Safari/537.36"
[2017-05-09 00:22:26.072] [WARN] http - ::1 - - "GET /assets/img/user07.png HTTP/1.1" 304 - "http://localhost:8888/admin/manage" "Mozilla/5.0 (Windows NT 10.0; Win64; x64) AppleWebKit/537.36 (KHTML, like Gecko) Chrome/58.0.3029.96 Safari/537.36"
[2017-05-09 00:22:26.178] [WARN] http - ::1 - - "GET /assets/js/angular.min.js.map HTTP/1.1" 304 - "" "Mozilla/5.0 (Windows NT 10.0; Win64; x64) AppleWebKit/537.36 (KHTML, like Gecko) Chrome/58.0.3029.96 Safari/537.36"
[2017-05-09 00:22:26.197] [WARN] http - ::1 - - "GET /assets/fonts/fontawesome-webfont.woff2?v=4.6.3 HTTP/1.1" 304 - "http://localhost:8888/assets/css/amazeui.min.css" "Mozilla/5.0 (Windows NT 10.0; Win64; x64) AppleWebKit/537.36 (KHTML, like Gecko) Chrome/58.0.3029.96 Safari/537.36"
[2017-05-09 00:22:26.426] [ERROR] http - ::1 - - "GET /assets/js/socket.io.js.map HTTP/1.1" 404 39 "" "Mozilla/5.0 (Windows NT 10.0; Win64; x64) AppleWebKit/537.36 (KHTML, like Gecko) Chrome/58.0.3029.96 Safari/537.36"
[2017-05-09 00:22:29.325] [INFO] http - ::1 - - "GET /admin/manage/patentMge HTTP/1.1" 200 27692 "http://localhost:8888/admin/manage" "Mozilla/5.0 (Windows NT 10.0; Win64; x64) AppleWebKit/537.36 (KHTML, like Gecko) Chrome/58.0.3029.96 Safari/537.36"
[2017-05-09 00:22:29.343] [WARN] http - ::1 - - "GET /assets/css/amazeui.min.css HTTP/1.1" 304 - "http://localhost:8888/admin/manage/patentMge" "Mozilla/5.0 (Windows NT 10.0; Win64; x64) AppleWebKit/537.36 (KHTML, like Gecko) Chrome/58.0.3029.96 Safari/537.36"
[2017-05-09 00:22:29.343] [WARN] http - ::1 - - "GET /assets/css/amazeui.datatables.min.css HTTP/1.1" 304 - "http://localhost:8888/admin/manage/patentMge" "Mozilla/5.0 (Windows NT 10.0; Win64; x64) AppleWebKit/537.36 (KHTML, like Gecko) Chrome/58.0.3029.96 Safari/537.36"
[2017-05-09 00:22:29.351] [WARN] http - ::1 - - "GET /assets/css/app.css HTTP/1.1" 304 - "http://localhost:8888/admin/manage/patentMge" "Mozilla/5.0 (Windows NT 10.0; Win64; x64) AppleWebKit/537.36 (KHTML, like Gecko) Chrome/58.0.3029.96 Safari/537.36"
[2017-05-09 00:22:29.351] [WARN] http - ::1 - - "GET /assets/css/zTreeStyle.css HTTP/1.1" 304 - "http://localhost:8888/admin/manage/patentMge" "Mozilla/5.0 (Windows NT 10.0; Win64; x64) AppleWebKit/537.36 (KHTML, like Gecko) Chrome/58.0.3029.96 Safari/537.36"
[2017-05-09 00:22:29.351] [WARN] http - ::1 - - "GET /assets/css/isteven-multi-select.css HTTP/1.1" 304 - "http://localhost:8888/admin/manage/patentMge" "Mozilla/5.0 (Windows NT 10.0; Win64; x64) AppleWebKit/537.36 (KHTML, like Gecko) Chrome/58.0.3029.96 Safari/537.36"
[2017-05-09 00:22:29.353] [WARN] http - ::1 - - "GET /assets/js/jquery.min.js HTTP/1.1" 304 - "http://localhost:8888/admin/manage/patentMge" "Mozilla/5.0 (Windows NT 10.0; Win64; x64) AppleWebKit/537.36 (KHTML, like Gecko) Chrome/58.0.3029.96 Safari/537.36"
[2017-05-09 00:22:29.353] [WARN] http - ::1 - - "GET /assets/js/angular.min.js HTTP/1.1" 304 - "http://localhost:8888/admin/manage/patentMge" "Mozilla/5.0 (Windows NT 10.0; Win64; x64) AppleWebKit/537.36 (KHTML, like Gecko) Chrome/58.0.3029.96 Safari/537.36"
[2017-05-09 00:22:29.354] [WARN] http - ::1 - - "GET /assets/js/isteven-multi-select.js HTTP/1.1" 304 - "http://localhost:8888/admin/manage/patentMge" "Mozilla/5.0 (Windows NT 10.0; Win64; x64) AppleWebKit/537.36 (KHTML, like Gecko) Chrome/58.0.3029.96 Safari/537.36"
[2017-05-09 00:22:29.355] [WARN] http - ::1 - - "GET /angular/controller.js HTTP/1.1" 304 - "http://localhost:8888/admin/manage/patentMge" "Mozilla/5.0 (Windows NT 10.0; Win64; x64) AppleWebKit/537.36 (KHTML, like Gecko) Chrome/58.0.3029.96 Safari/537.36"
[2017-05-09 00:22:29.356] [WARN] http - ::1 - - "GET /assets/js/theme.js HTTP/1.1" 304 - "http://localhost:8888/admin/manage/patentMge" "Mozilla/5.0 (Windows NT 10.0; Win64; x64) AppleWebKit/537.36 (KHTML, like Gecko) Chrome/58.0.3029.96 Safari/537.36"
[2017-05-09 00:22:29.359] [INFO] http - ::1 - - "GET /angular/patent_controller.js HTTP/1.1" 200 2630 "http://localhost:8888/admin/manage/patentMge" "Mozilla/5.0 (Windows NT 10.0; Win64; x64) AppleWebKit/537.36 (KHTML, like Gecko) Chrome/58.0.3029.96 Safari/537.36"
[2017-05-09 00:22:29.363] [WARN] http - ::1 - - "GET /assets/js/amazeui.min.js HTTP/1.1" 304 - "http://localhost:8888/admin/manage/patentMge" "Mozilla/5.0 (Windows NT 10.0; Win64; x64) AppleWebKit/537.36 (KHTML, like Gecko) Chrome/58.0.3029.96 Safari/537.36"
[2017-05-09 00:22:29.365] [WARN] http - ::1 - - "GET /assets/js/amazeui.datatables.min.js HTTP/1.1" 304 - "http://localhost:8888/admin/manage/patentMge" "Mozilla/5.0 (Windows NT 10.0; Win64; x64) AppleWebKit/537.36 (KHTML, like Gecko) Chrome/58.0.3029.96 Safari/537.36"
[2017-05-09 00:22:29.367] [WARN] http - ::1 - - "GET /assets/js/dataTables.responsive.min.js HTTP/1.1" 304 - "http://localhost:8888/admin/manage/patentMge" "Mozilla/5.0 (Windows NT 10.0; Win64; x64) AppleWebKit/537.36 (KHTML, like Gecko) Chrome/58.0.3029.96 Safari/537.36"
[2017-05-09 00:22:29.369] [WARN] http - ::1 - - "GET /assets/js/app.js HTTP/1.1" 304 - "http://localhost:8888/admin/manage/patentMge" "Mozilla/5.0 (Windows NT 10.0; Win64; x64) AppleWebKit/537.36 (KHTML, like Gecko) Chrome/58.0.3029.96 Safari/537.36"
[2017-05-09 00:22:29.371] [WARN] http - ::1 - - "GET /assets/js/socket.io.js HTTP/1.1" 304 - "http://localhost:8888/admin/manage/patentMge" "Mozilla/5.0 (Windows NT 10.0; Win64; x64) AppleWebKit/537.36 (KHTML, like Gecko) Chrome/58.0.3029.96 Safari/537.36"
[2017-05-09 00:22:29.373] [WARN] http - ::1 - - "GET /angular/functions.js HTTP/1.1" 304 - "http://localhost:8888/admin/manage/patentMge" "Mozilla/5.0 (Windows NT 10.0; Win64; x64) AppleWebKit/537.36 (KHTML, like Gecko) Chrome/58.0.3029.96 Safari/537.36"
[2017-05-09 00:22:29.375] [WARN] http - ::1 - - "GET /assets/js/jquery.ztree.core.js HTTP/1.1" 304 - "http://localhost:8888/admin/manage/patentMge" "Mozilla/5.0 (Windows NT 10.0; Win64; x64) AppleWebKit/537.36 (KHTML, like Gecko) Chrome/58.0.3029.96 Safari/537.36"
[2017-05-09 00:22:29.378] [WARN] http - ::1 - - "GET /assets/js/jquery.ztree.excheck.js HTTP/1.1" 304 - "http://localhost:8888/admin/manage/patentMge" "Mozilla/5.0 (Windows NT 10.0; Win64; x64) AppleWebKit/537.36 (KHTML, like Gecko) Chrome/58.0.3029.96 Safari/537.36"
[2017-05-09 00:22:29.380] [WARN] http - ::1 - - "GET /assets/img/sys_logo.png HTTP/1.1" 304 - "http://localhost:8888/admin/manage/patentMge" "Mozilla/5.0 (Windows NT 10.0; Win64; x64) AppleWebKit/537.36 (KHTML, like Gecko) Chrome/58.0.3029.96 Safari/537.36"
[2017-05-09 00:22:29.382] [WARN] http - ::1 - - "GET /assets/img/user04.png HTTP/1.1" 304 - "http://localhost:8888/admin/manage/patentMge" "Mozilla/5.0 (Windows NT 10.0; Win64; x64) AppleWebKit/537.36 (KHTML, like Gecko) Chrome/58.0.3029.96 Safari/537.36"
[2017-05-09 00:22:29.384] [WARN] http - ::1 - - "GET /assets/img/user02.png HTTP/1.1" 304 - "http://localhost:8888/admin/manage/patentMge" "Mozilla/5.0 (Windows NT 10.0; Win64; x64) AppleWebKit/537.36 (KHTML, like Gecko) Chrome/58.0.3029.96 Safari/537.36"
[2017-05-09 00:22:29.496] [WARN] http - ::1 - - "GET /assets/js/angular.min.js.map HTTP/1.1" 304 - "" "Mozilla/5.0 (Windows NT 10.0; Win64; x64) AppleWebKit/537.36 (KHTML, like Gecko) Chrome/58.0.3029.96 Safari/537.36"
[2017-05-09 00:22:29.512] [WARN] http - ::1 - - "GET /assets/fonts/fontawesome-webfont.woff2?v=4.6.3 HTTP/1.1" 304 - "http://localhost:8888/assets/css/amazeui.min.css" "Mozilla/5.0 (Windows NT 10.0; Win64; x64) AppleWebKit/537.36 (KHTML, like Gecko) Chrome/58.0.3029.96 Safari/537.36"
[2017-05-09 00:22:29.745] [ERROR] http - ::1 - - "GET /assets/js/socket.io.js.map HTTP/1.1" 404 39 "" "Mozilla/5.0 (Windows NT 10.0; Win64; x64) AppleWebKit/537.36 (KHTML, like Gecko) Chrome/58.0.3029.96 Safari/537.36"
[2017-05-09 00:22:29.825] [WARN] http - ::1 - - "GET /admin/manage/sysTemManage_direction/findAll HTTP/1.1" 304 - "http://localhost:8888/admin/manage/patentMge" "Mozilla/5.0 (Windows NT 10.0; Win64; x64) AppleWebKit/537.36 (KHTML, like Gecko) Chrome/58.0.3029.96 Safari/537.36"
[2017-05-09 00:22:29.825] [WARN] http - ::1 - - "GET /admin/manage/sysTemManage_person/findAll HTTP/1.1" 304 - "http://localhost:8888/admin/manage/patentMge" "Mozilla/5.0 (Windows NT 10.0; Win64; x64) AppleWebKit/537.36 (KHTML, like Gecko) Chrome/58.0.3029.96 Safari/537.36"
[2017-05-09 00:22:29.830] [WARN] http - ::1 - - "GET /admin/manage/getDocumentList/sysTemManage_patent?limit=10&currentPage=1&searchKey=undefined&area=undefined HTTP/1.1" 304 - "http://localhost:8888/admin/manage/patentMge" "Mozilla/5.0 (Windows NT 10.0; Win64; x64) AppleWebKit/537.36 (KHTML, like Gecko) Chrome/58.0.3029.96 Safari/537.36"
[2017-05-09 00:22:40.268] [INFO] http - ::1 - - "POST /admin/manage/sysTemManage_patent/addOne HTTP/1.1" 200 - "http://localhost:8888/admin/manage/patentMge" "Mozilla/5.0 (Windows NT 10.0; Win64; x64) AppleWebKit/537.36 (KHTML, like Gecko) Chrome/58.0.3029.96 Safari/537.36"
[2017-05-09 00:22:40.293] [INFO] http - ::1 - - "GET /admin/manage/getDocumentList/sysTemManage_patent?limit=10&currentPage=1&searchKey=undefined&area=undefined HTTP/1.1" 200 1128 "http://localhost:8888/admin/manage/patentMge" "Mozilla/5.0 (Windows NT 10.0; Win64; x64) AppleWebKit/537.36 (KHTML, like Gecko) Chrome/58.0.3029.96 Safari/537.36"
